{"/Users/ed/workspace/my/redux-tide/src/action.js":{"path":"/Users/ed/workspace/my/redux-tide/src/action.js","s":{"1":1,"2":1,"3":1,"4":1,"5":0,"6":0,"7":0,"8":0,"9":0,"10":0,"11":0,"12":0,"13":0,"14":0,"15":0,"16":0,"17":0,"18":0,"19":0,"20":0,"21":0,"22":1,"23":3,"24":3,"25":0,"26":0,"27":0,"28":1,"29":1,"30":1,"31":17,"32":1,"33":6,"34":1,"35":5,"36":2,"37":3,"38":1,"39":6,"40":1,"41":5,"42":1,"43":6,"44":1,"45":0,"46":5,"47":1,"48":12,"49":6,"50":1,"51":1,"52":6,"53":6,"54":6,"55":6,"56":6,"57":6,"58":6,"59":6,"60":1,"61":3,"62":2,"63":2,"64":2,"65":0,"66":2,"67":0,"68":0,"69":1,"70":2,"71":2,"72":2,"73":0,"74":0,"75":0,"76":2,"77":1,"78":1,"79":1,"80":1,"81":3,"82":2,"83":2,"84":2,"85":1,"86":1,"87":0,"88":1,"89":0,"90":0,"91":0,"92":0,"93":0,"94":0,"95":0,"96":1,"97":1,"98":3,"99":3,"100":2,"101":1,"102":1,"103":1,"104":1,"105":1,"106":14,"107":14,"108":14,"109":14,"110":14,"111":14,"112":14,"113":14,"114":3,"115":2,"116":3,"117":3,"118":9,"119":3,"120":3,"121":3,"122":2,"123":2,"124":2,"125":2,"126":0,"127":0,"128":0,"129":2,"130":0,"131":14,"132":15,"133":14,"134":1,"135":14,"136":1,"137":14,"138":2,"139":14,"140":1,"141":14,"142":2,"143":1,"144":2,"145":14,"146":1,"147":14,"148":0,"149":0,"150":14,"151":1,"152":16,"153":1,"154":15,"155":1,"156":14,"157":1,"158":13,"159":13,"160":1,"161":1,"162":1,"163":1},"b":{"1":[0,0],"2":[0,0],"3":[0,0],"4":[0,0],"5":[0,0],"6":[3,0],"7":[0,0],"8":[1,5],"9":[6,4],"10":[2,3],"11":[5,3],"12":[3,3],"13":[1,5],"14":[6,4],"15":[0,1],"16":[1,5],"17":[6,1,1],"18":[0,1],"19":[1,5],"20":[6,2],"21":[0,2],"22":[0,0],"23":[1,1],"24":[0,2],"25":[1,1],"26":[1,1],"27":[1,1],"28":[0,1],"29":[0,0],"30":[0,0],"31":[1,1],"32":[3,3],"33":[1,1],"34":[0,2],"35":[1,15],"36":[1,14],"37":[1,13],"38":[14,1],"39":[1,0]},"f":{"1":1,"2":0,"3":3,"4":17,"5":6,"6":6,"7":6,"8":0,"9":12,"10":6,"11":3,"12":2,"13":2,"14":0,"15":0,"16":3,"17":2,"18":1,"19":0,"20":0,"21":0,"22":3,"23":3,"24":14,"25":3,"26":9,"27":2,"28":0,"29":0,"30":15,"31":1,"32":1,"33":2,"34":1,"35":2,"36":1,"37":0,"38":0,"39":16},"fnMap":{"1":{"name":"(anonymous_1)","line":8,"loc":{"start":{"line":0,"column":0},"end":{"line":0,"column":0},"skip":true},"skip":true},"2":{"name":"sliceIterator","line":8,"loc":{"start":{"line":0,"column":0},"end":{"line":0,"column":0},"skip":true},"skip":true},"3":{"name":"(anonymous_3)","line":8,"loc":{"start":{"line":0,"column":0},"end":{"line":0,"column":0},"skip":true},"skip":true},"4":{"name":"makeActionUniqId","line":25,"loc":{"start":{"line":25,"column":25},"end":{"line":25,"column":33}}},"5":{"name":"getHandlerErrorText","line":29,"loc":{"start":{"line":29,"column":28},"end":{"line":29,"column":66}}},"6":{"name":"getHandlerActionDataKey","line":39,"loc":{"start":{"line":39,"column":32},"end":{"line":39,"column":73}}},"7":{"name":"getHandlerPayload","line":46,"loc":{"start":{"line":46,"column":26},"end":{"line":52,"column":5}}},"8":{"name":"(anonymous_8)","line":48,"loc":{"start":{"line":55,"column":26},"end":{"line":55,"column":26}}},"9":{"name":"makeActionHandler","line":66,"loc":{"start":{"line":72,"column":26},"end":{"line":78,"column":5}}},"10":{"name":"(anonymous_10)","line":74,"loc":{"start":{"line":86,"column":9},"end":{"line":86,"column":54}}},"11":{"name":"makeResultCallback","line":141,"loc":{"start":{"line":163,"column":27},"end":{"line":163,"column":63}}},"12":{"name":"(anonymous_12)","line":142,"loc":{"start":{"line":164,"column":9},"end":{"line":164,"column":51}}},"13":{"name":"makeQueryBuilder","line":158,"loc":{"start":{"line":180,"column":25},"end":{"line":180,"column":70}}},"14":{"name":"(anonymous_14)","line":163,"loc":{"start":{"line":187,"column":12},"end":{"line":187,"column":20}}},"15":{"name":"(anonymous_15)","line":165,"loc":{"start":{"line":190,"column":13},"end":{"line":190,"column":20}}},"16":{"name":"makeCallActionMethod","line":178,"loc":{"start":{"line":203,"column":29},"end":{"line":203,"column":47}}},"17":{"name":"(anonymous_17)","line":179,"loc":{"start":{"line":204,"column":9},"end":{"line":204,"column":53}}},"18":{"name":"(anonymous_18)","line":185,"loc":{"start":{"line":211,"column":14},"end":{"line":211,"column":14}}},"19":{"name":"(anonymous_19)","line":187,"loc":{"start":{"line":212,"column":15},"end":{"line":212,"column":15}}},"20":{"name":"(anonymous_20)","line":200,"loc":{"start":{"line":224,"column":16},"end":{"line":224,"column":16}}},"21":{"name":"(anonymous_21)","line":202,"loc":{"start":{"line":225,"column":17},"end":{"line":225,"column":17}}},"22":{"name":"actionCopyWrapper","line":212,"loc":{"start":{"line":233,"column":26},"end":{"line":239,"column":5}}},"23":{"name":"(anonymous_23)","line":213,"loc":{"start":{"line":240,"column":9},"end":{"line":240,"column":24}}},"24":{"name":"makeAction","line":242,"loc":{"start":{"line":276,"column":19},"end":{"line":283,"column":2}}},"25":{"name":"(anonymous_25)","line":260,"loc":{"start":{"line":299,"column":16},"end":{"line":299,"column":29}}},"26":{"name":"(anonymous_26)","line":267,"loc":{"start":{"line":302,"column":51},"end":{"line":302,"column":51}}},"27":{"name":"(anonymous_27)","line":279,"loc":{"start":{"line":320,"column":11},"end":{"line":320,"column":35}}},"28":{"name":"(anonymous_28)","line":286,"loc":{"start":{"line":330,"column":18},"end":{"line":330,"column":18}}},"29":{"name":"(anonymous_29)","line":288,"loc":{"start":{"line":333,"column":19},"end":{"line":333,"column":26}}},"30":{"name":"(anonymous_30)","line":305,"loc":{"start":{"line":350,"column":89},"end":{"line":350,"column":95}}},"31":{"name":"(anonymous_31)","line":316,"loc":{"start":{"line":361,"column":28},"end":{"line":361,"column":36}}},"32":{"name":"(anonymous_32)","line":325,"loc":{"start":{"line":370,"column":26},"end":{"line":370,"column":32}}},"33":{"name":"(anonymous_33)","line":334,"loc":{"start":{"line":379,"column":30},"end":{"line":379,"column":36}}},"34":{"name":"(anonymous_34)","line":343,"loc":{"start":{"line":388,"column":22},"end":{"line":388,"column":28}}},"35":{"name":"(anonymous_35)","line":352,"loc":{"start":{"line":402,"column":27},"end":{"line":402,"column":42}}},"36":{"name":"(anonymous_36)","line":365,"loc":{"start":{"line":417,"column":25},"end":{"line":417,"column":33}}},"37":{"name":"(anonymous_37)","line":380,"loc":{"start":{"line":438,"column":22},"end":{"line":438,"column":28}}},"38":{"name":"(anonymous_38)","line":381,"loc":{"start":{"line":439,"column":11},"end":{"line":439,"column":35}}},"39":{"name":"createAction","line":469,"loc":{"start":{"line":527,"column":28},"end":{"line":532,"column":5}}}},"statementMap":{"1":{"start":{"line":0,"column":0},"end":{"line":0,"column":0},"skip":true},"2":{"start":{"line":0,"column":0},"end":{"line":0,"column":0},"skip":true},"3":{"start":{"line":0,"column":0},"end":{"line":0,"column":0},"skip":true},"4":{"start":{"line":0,"column":0},"end":{"line":0,"column":0},"skip":true},"5":{"start":{"line":0,"column":0},"end":{"line":0,"column":0},"skip":true},"6":{"start":{"line":0,"column":0},"end":{"line":0,"column":0},"skip":true},"7":{"start":{"line":0,"column":0},"end":{"line":0,"column":0},"skip":true},"8":{"start":{"line":0,"column":0},"end":{"line":0,"column":0},"skip":true},"9":{"start":{"line":0,"column":0},"end":{"line":0,"column":0},"skip":true},"10":{"start":{"line":0,"column":0},"end":{"line":0,"column":0},"skip":true},"11":{"start":{"line":0,"column":0},"end":{"line":0,"column":0},"skip":true},"12":{"start":{"line":0,"column":0},"end":{"line":0,"column":0},"skip":true},"13":{"start":{"line":0,"column":0},"end":{"line":0,"column":0},"skip":true},"14":{"start":{"line":0,"column":0},"end":{"line":0,"column":0},"skip":true},"15":{"start":{"line":0,"column":0},"end":{"line":0,"column":0},"skip":true},"16":{"start":{"line":0,"column":0},"end":{"line":0,"column":0},"skip":true},"17":{"start":{"line":0,"column":0},"end":{"line":0,"column":0},"skip":true},"18":{"start":{"line":0,"column":0},"end":{"line":0,"column":0},"skip":true},"19":{"start":{"line":0,"column":0},"end":{"line":0,"column":0},"skip":true},"20":{"start":{"line":0,"column":0},"end":{"line":0,"column":0},"skip":true},"21":{"start":{"line":0,"column":0},"end":{"line":0,"column":0},"skip":true},"22":{"start":{"line":0,"column":0},"end":{"line":0,"column":0},"skip":true},"23":{"start":{"line":0,"column":0},"end":{"line":0,"column":0},"skip":true},"24":{"start":{"line":0,"column":0},"end":{"line":0,"column":0},"skip":true},"25":{"start":{"line":0,"column":0},"end":{"line":0,"column":0},"skip":true},"26":{"start":{"line":0,"column":0},"end":{"line":0,"column":0},"skip":true},"27":{"start":{"line":0,"column":0},"end":{"line":0,"column":0},"skip":true},"28":{"start":{"line":5,"column":0},"end":{"line":5,"column":0}},"29":{"start":{"line":14,"column":0},"end":{"line":14,"column":0}},"30":{"start":{"line":25,"column":0},"end":{"line":25,"column":0}},"31":{"start":{"line":26,"column":2},"end":{"line":26,"column":2}},"32":{"start":{"line":29,"column":0},"end":{"line":29,"column":0}},"33":{"start":{"line":30,"column":2},"end":{"line":32,"column":3}},"34":{"start":{"line":31,"column":4},"end":{"line":31,"column":4}},"35":{"start":{"line":33,"column":2},"end":{"line":35,"column":3}},"36":{"start":{"line":34,"column":4},"end":{"line":34,"column":4}},"37":{"start":{"line":36,"column":2},"end":{"line":36,"column":2}},"38":{"start":{"line":39,"column":0},"end":{"line":39,"column":0}},"39":{"start":{"line":40,"column":2},"end":{"line":42,"column":3}},"40":{"start":{"line":41,"column":4},"end":{"line":41,"column":4}},"41":{"start":{"line":43,"column":2},"end":{"line":43,"column":2}},"42":{"start":{"line":46,"column":0},"end":{"line":46,"column":0}},"43":{"start":{"line":53,"column":2},"end":{"line":57,"column":3}},"44":{"start":{"line":54,"column":4},"end":{"line":54,"column":4}},"45":{"start":{"line":55,"column":26},"end":{"line":55,"column":26}},"46":{"start":{"line":58,"column":2},"end":{"line":58,"column":2}},"47":{"start":{"line":72,"column":0},"end":{"line":72,"column":0}},"48":{"start":{"line":86,"column":2},"end":{"line":86,"column":2}},"49":{"start":{"line":87,"column":4},"end":{"line":90,"column":5}},"50":{"start":{"line":88,"column":6},"end":{"line":88,"column":6}},"51":{"start":{"line":89,"column":6},"end":{"line":89,"column":6}},"52":{"start":{"line":93,"column":4},"end":{"line":93,"column":4}},"53":{"start":{"line":96,"column":4},"end":{"line":96,"column":4}},"54":{"start":{"line":99,"column":4},"end":{"line":99,"column":4}},"55":{"start":{"line":102,"column":4},"end":{"line":102,"column":4}},"56":{"start":{"line":109,"column":4},"end":{"line":109,"column":4}},"57":{"start":{"line":112,"column":4},"end":{"line":112,"column":4}},"58":{"start":{"line":115,"column":4},"end":{"line":115,"column":4}},"59":{"start":{"line":142,"column":4},"end":{"line":142,"column":4}},"60":{"start":{"line":163,"column":0},"end":{"line":163,"column":0}},"61":{"start":{"line":164,"column":2},"end":{"line":164,"column":2}},"62":{"start":{"line":165,"column":4},"end":{"line":176,"column":5}},"63":{"start":{"line":166,"column":6},"end":{"line":166,"column":6}},"64":{"start":{"line":168,"column":6},"end":{"line":170,"column":7}},"65":{"start":{"line":169,"column":8},"end":{"line":169,"column":8}},"66":{"start":{"line":172,"column":6},"end":{"line":172,"column":6}},"67":{"start":{"line":174,"column":6},"end":{"line":174,"column":6}},"68":{"start":{"line":175,"column":6},"end":{"line":175,"column":6}},"69":{"start":{"line":180,"column":0},"end":{"line":180,"column":0}},"70":{"start":{"line":181,"column":2},"end":{"line":181,"column":2}},"71":{"start":{"line":182,"column":2},"end":{"line":182,"column":2}},"72":{"start":{"line":184,"column":2},"end":{"line":193,"column":3}},"73":{"start":{"line":185,"column":4},"end":{"line":185,"column":4}},"74":{"start":{"line":188,"column":8},"end":{"line":188,"column":8}},"75":{"start":{"line":191,"column":8},"end":{"line":191,"column":8}},"76":{"start":{"line":195,"column":2},"end":{"line":198,"column":3}},"77":{"start":{"line":196,"column":4},"end":{"line":196,"column":4}},"78":{"start":{"line":197,"column":4},"end":{"line":197,"column":4}},"79":{"start":{"line":200,"column":2},"end":{"line":200,"column":2}},"80":{"start":{"line":203,"column":0},"end":{"line":203,"column":0}},"81":{"start":{"line":204,"column":2},"end":{"line":204,"column":2}},"82":{"start":{"line":205,"column":4},"end":{"line":205,"column":4}},"83":{"start":{"line":207,"column":4},"end":{"line":207,"column":4}},"84":{"start":{"line":209,"column":4},"end":{"line":213,"column":5}},"85":{"start":{"line":210,"column":6},"end":{"line":210,"column":6}},"86":{"start":{"line":211,"column":14},"end":{"line":211,"column":14}},"87":{"start":{"line":212,"column":15},"end":{"line":212,"column":15}},"88":{"start":{"line":215,"column":4},"end":{"line":227,"column":5}},"89":{"start":{"line":216,"column":6},"end":{"line":216,"column":6}},"90":{"start":{"line":218,"column":6},"end":{"line":220,"column":7}},"91":{"start":{"line":219,"column":8},"end":{"line":219,"column":8}},"92":{"start":{"line":222,"column":6},"end":{"line":226,"column":7}},"93":{"start":{"line":223,"column":8},"end":{"line":223,"column":8}},"94":{"start":{"line":224,"column":16},"end":{"line":224,"column":16}},"95":{"start":{"line":225,"column":17},"end":{"line":225,"column":17}},"96":{"start":{"line":229,"column":4},"end":{"line":229,"column":4}},"97":{"start":{"line":233,"column":0},"end":{"line":233,"column":0}},"98":{"start":{"line":240,"column":2},"end":{"line":240,"column":2}},"99":{"start":{"line":241,"column":4},"end":{"line":241,"column":4}},"100":{"start":{"line":243,"column":4},"end":{"line":245,"column":5}},"101":{"start":{"line":244,"column":6},"end":{"line":244,"column":6}},"102":{"start":{"line":247,"column":4},"end":{"line":247,"column":4}},"103":{"start":{"line":248,"column":4},"end":{"line":248,"column":4}},"104":{"start":{"line":250,"column":4},"end":{"line":250,"column":4}},"105":{"start":{"line":276,"column":0},"end":{"line":276,"column":0}},"106":{"start":{"line":283,"column":2},"end":{"line":283,"column":2}},"107":{"start":{"line":292,"column":2},"end":{"line":292,"column":2}},"108":{"start":{"line":293,"column":2},"end":{"line":293,"column":2}},"109":{"start":{"line":294,"column":2},"end":{"line":294,"column":2}},"110":{"start":{"line":295,"column":2},"end":{"line":295,"column":2}},"111":{"start":{"line":296,"column":2},"end":{"line":296,"column":2}},"112":{"start":{"line":297,"column":2},"end":{"line":297,"column":2}},"113":{"start":{"line":299,"column":2},"end":{"line":299,"column":2}},"114":{"start":{"line":299,"column":29},"end":{"line":299,"column":29}},"115":{"start":{"line":299,"column":20},"end":{"line":299,"column":29}},"116":{"start":{"line":300,"column":4},"end":{"line":300,"column":4}},"117":{"start":{"line":299,"column":29},"end":{"line":299,"column":29}},"118":{"start":{"line":302,"column":51},"end":{"line":302,"column":51}},"119":{"start":{"line":312,"column":4},"end":{"line":312,"column":4}},"120":{"start":{"line":317,"column":4},"end":{"line":317,"column":4}},"121":{"start":{"line":320,"column":4},"end":{"line":320,"column":4}},"122":{"start":{"line":321,"column":6},"end":{"line":321,"column":6}},"123":{"start":{"line":323,"column":6},"end":{"line":341,"column":7}},"124":{"start":{"line":324,"column":8},"end":{"line":324,"column":8}},"125":{"start":{"line":328,"column":8},"end":{"line":336,"column":9}},"126":{"start":{"line":329,"column":10},"end":{"line":329,"column":10}},"127":{"start":{"line":330,"column":18},"end":{"line":330,"column":18}},"128":{"start":{"line":334,"column":14},"end":{"line":334,"column":14}},"129":{"start":{"line":338,"column":8},"end":{"line":338,"column":8}},"130":{"start":{"line":340,"column":8},"end":{"line":340,"column":8}},"131":{"start":{"line":350,"column":2},"end":{"line":350,"column":2}},"132":{"start":{"line":351,"column":4},"end":{"line":351,"column":4}},"133":{"start":{"line":361,"column":2},"end":{"line":361,"column":2}},"134":{"start":{"line":362,"column":4},"end":{"line":362,"column":4}},"135":{"start":{"line":370,"column":2},"end":{"line":370,"column":2}},"136":{"start":{"line":371,"column":4},"end":{"line":371,"column":4}},"137":{"start":{"line":379,"column":2},"end":{"line":379,"column":2}},"138":{"start":{"line":380,"column":4},"end":{"line":380,"column":4}},"139":{"start":{"line":388,"column":2},"end":{"line":388,"column":2}},"140":{"start":{"line":389,"column":4},"end":{"line":389,"column":4}},"141":{"start":{"line":402,"column":2},"end":{"line":402,"column":2}},"142":{"start":{"line":402,"column":42},"end":{"line":402,"column":42}},"143":{"start":{"line":402,"column":31},"end":{"line":402,"column":42}},"144":{"start":{"line":403,"column":4},"end":{"line":403,"column":4}},"145":{"start":{"line":417,"column":2},"end":{"line":417,"column":2}},"146":{"start":{"line":418,"column":4},"end":{"line":418,"column":4}},"147":{"start":{"line":438,"column":2},"end":{"line":438,"column":2}},"148":{"start":{"line":439,"column":4},"end":{"line":439,"column":4}},"149":{"start":{"line":440,"column":6},"end":{"line":440,"column":6}},"150":{"start":{"line":473,"column":2},"end":{"line":473,"column":2}},"151":{"start":{"line":527,"column":7},"end":{"line":527,"column":7}},"152":{"start":{"line":533,"column":2},"end":{"line":535,"column":3}},"153":{"start":{"line":534,"column":4},"end":{"line":534,"column":4}},"154":{"start":{"line":536,"column":2},"end":{"line":538,"column":3}},"155":{"start":{"line":537,"column":4},"end":{"line":537,"column":4}},"156":{"start":{"line":539,"column":2},"end":{"line":541,"column":3}},"157":{"start":{"line":540,"column":4},"end":{"line":540,"column":4}},"158":{"start":{"line":543,"column":2},"end":{"line":543,"column":2}},"159":{"start":{"line":545,"column":2},"end":{"line":545,"column":2}},"160":{"start":{"line":555,"column":0},"end":{"line":559,"column":1}},"161":{"start":{"line":556,"column":2},"end":{"line":556,"column":2}},"162":{"start":{"line":557,"column":2},"end":{"line":557,"column":2}},"163":{"start":{"line":558,"column":2},"end":{"line":558,"column":2}}},"branchMap":{"1":{"line":8,"type":"if","locations":[{"start":{"line":0,"column":0},"end":{"line":0,"column":0},"skip":true},{"start":{"line":0,"column":0},"end":{"line":0,"column":0},"skip":true}]},"2":{"line":8,"type":"binary-expr","locations":[{"start":{"line":0,"column":0},"end":{"line":0,"column":0},"skip":true},{"start":{"line":0,"column":0},"end":{"line":0,"column":0},"skip":true}]},"3":{"line":8,"type":"if","locations":[{"start":{"line":0,"column":0},"end":{"line":0,"column":0},"skip":true},{"start":{"line":0,"column":0},"end":{"line":0,"column":0},"skip":true}]},"4":{"line":8,"type":"binary-expr","locations":[{"start":{"line":0,"column":0},"end":{"line":0,"column":0},"skip":true},{"start":{"line":0,"column":0},"end":{"line":0,"column":0},"skip":true}]},"5":{"line":8,"type":"if","locations":[{"start":{"line":0,"column":0},"end":{"line":0,"column":0},"skip":true},{"start":{"line":0,"column":0},"end":{"line":0,"column":0},"skip":true}]},"6":{"line":8,"type":"if","locations":[{"start":{"line":0,"column":0},"end":{"line":0,"column":0},"skip":true},{"start":{"line":0,"column":0},"end":{"line":0,"column":0},"skip":true}]},"7":{"line":8,"type":"if","locations":[{"start":{"line":0,"column":0},"end":{"line":0,"column":0},"skip":true},{"start":{"line":0,"column":0},"end":{"line":0,"column":0},"skip":true}]},"8":{"line":30,"type":"if","locations":[{"start":{"line":30,"column":2},"end":{"line":30,"column":2}},{"start":{"line":30,"column":2},"end":{"line":30,"column":2}}]},"9":{"line":30,"type":"binary-expr","locations":[{"start":{"line":30,"column":6},"end":{"line":30,"column":6}},{"start":{"line":30,"column":21},"end":{"line":30,"column":2}}]},"10":{"line":33,"type":"if","locations":[{"start":{"line":33,"column":2},"end":{"line":33,"column":2}},{"start":{"line":33,"column":2},"end":{"line":33,"column":2}}]},"11":{"line":33,"type":"binary-expr","locations":[{"start":{"line":33,"column":6},"end":{"line":33,"column":6}},{"start":{"line":33,"column":21},"end":{"line":33,"column":2}}]},"12":{"line":36,"type":"binary-expr","locations":[{"start":{"line":36,"column":9},"end":{"line":36,"column":9}},{"start":{"line":36,"column":18},"end":{"line":36,"column":2}}]},"13":{"line":40,"type":"if","locations":[{"start":{"line":40,"column":2},"end":{"line":40,"column":2}},{"start":{"line":40,"column":2},"end":{"line":40,"column":2}}]},"14":{"line":40,"type":"binary-expr","locations":[{"start":{"line":40,"column":6},"end":{"line":40,"column":6}},{"start":{"line":40,"column":21},"end":{"line":40,"column":2}}]},"15":{"line":41,"type":"cond-expr","locations":[{"start":{"line":41,"column":11},"end":{"line":41,"column":11}},{"start":{"line":41,"column":11},"end":{"line":41,"column":4}}]},"16":{"line":47,"type":"if","locations":[{"start":{"line":53,"column":2},"end":{"line":53,"column":2}},{"start":{"line":53,"column":2},"end":{"line":53,"column":2}}]},"17":{"line":47,"type":"binary-expr","locations":[{"start":{"line":53,"column":6},"end":{"line":53,"column":6}},{"start":{"line":53,"column":23},"end":{"line":53,"column":6}},{"start":{"line":53,"column":38},"end":{"line":53,"column":2}}]},"18":{"line":48,"type":"cond-expr","locations":[{"start":{"line":55,"column":8},"end":{"line":54,"column":11}},{"start":{"line":56,"column":8},"end":{"line":54,"column":4}}]},"19":{"line":75,"type":"if","locations":[{"start":{"line":87,"column":4},"end":{"line":87,"column":4}},{"start":{"line":87,"column":4},"end":{"line":87,"column":4}}]},"20":{"line":75,"type":"binary-expr","locations":[{"start":{"line":87,"column":8},"end":{"line":87,"column":8}},{"start":{"line":87,"column":32},"end":{"line":87,"column":4}}]},"21":{"line":146,"type":"if","locations":[{"start":{"line":168,"column":6},"end":{"line":168,"column":6}},{"start":{"line":168,"column":6},"end":{"line":168,"column":6}}]},"22":{"line":152,"type":"binary-expr","locations":[{"start":{"line":174,"column":31},"end":{"line":174,"column":31}},{"start":{"line":174,"column":44},"end":{"line":174,"column":21}}]},"23":{"line":160,"type":"cond-expr","locations":[{"start":{"line":182,"column":38},"end":{"line":182,"column":24}},{"start":{"line":182,"column":45},"end":{"line":182,"column":2}}]},"24":{"line":162,"type":"if","locations":[{"start":{"line":184,"column":2},"end":{"line":184,"column":2}},{"start":{"line":184,"column":2},"end":{"line":184,"column":2}}]},"25":{"line":170,"type":"if","locations":[{"start":{"line":195,"column":2},"end":{"line":195,"column":2}},{"start":{"line":195,"column":2},"end":{"line":195,"column":2}}]},"26":{"line":180,"type":"cond-expr","locations":[{"start":{"line":205,"column":33},"end":{"line":205,"column":11}},{"start":{"line":205,"column":40},"end":{"line":205,"column":4}}]},"27":{"line":184,"type":"if","locations":[{"start":{"line":209,"column":4},"end":{"line":209,"column":4}},{"start":{"line":209,"column":4},"end":{"line":209,"column":4}}]},"28":{"line":192,"type":"if","locations":[{"start":{"line":215,"column":4},"end":{"line":215,"column":4}},{"start":{"line":215,"column":4},"end":{"line":215,"column":4}}]},"29":{"line":195,"type":"if","locations":[{"start":{"line":218,"column":6},"end":{"line":218,"column":6}},{"start":{"line":218,"column":6},"end":{"line":218,"column":6}}]},"30":{"line":199,"type":"if","locations":[{"start":{"line":222,"column":6},"end":{"line":222,"column":6}},{"start":{"line":222,"column":6},"end":{"line":222,"column":6}}]},"31":{"line":216,"type":"if","locations":[{"start":{"line":243,"column":4},"end":{"line":243,"column":4}},{"start":{"line":243,"column":4},"end":{"line":243,"column":4}}]},"32":{"line":265,"type":"binary-expr","locations":[{"start":{"line":300,"column":26},"end":{"line":300,"column":26}},{"start":{"line":300,"column":44},"end":{"line":300,"column":4}}]},"33":{"line":283,"type":"cond-expr","locations":[{"start":{"line":325,"column":12},"end":{"line":324,"column":35}},{"start":{"line":326,"column":12},"end":{"line":324,"column":8}}]},"34":{"line":285,"type":"if","locations":[{"start":{"line":328,"column":8},"end":{"line":328,"column":8}},{"start":{"line":328,"column":8},"end":{"line":328,"column":8}}]},"35":{"line":470,"type":"if","locations":[{"start":{"line":533,"column":2},"end":{"line":533,"column":2}},{"start":{"line":533,"column":2},"end":{"line":533,"column":2}}]},"36":{"line":473,"type":"if","locations":[{"start":{"line":536,"column":2},"end":{"line":536,"column":2}},{"start":{"line":536,"column":2},"end":{"line":536,"column":2}}]},"37":{"line":476,"type":"if","locations":[{"start":{"line":539,"column":2},"end":{"line":539,"column":2}},{"start":{"line":539,"column":2},"end":{"line":539,"column":2}}]},"38":{"line":476,"type":"binary-expr","locations":[{"start":{"line":539,"column":6},"end":{"line":539,"column":6}},{"start":{"line":539,"column":24},"end":{"line":539,"column":2}}]},"39":{"line":485,"type":"if","locations":[{"start":{"line":555,"column":0},"end":{"line":555,"column":0}},{"start":{"line":555,"column":0},"end":{"line":555,"column":0}}]}}},"/Users/ed/workspace/my/redux-tide/src/config.js":{"path":"/Users/ed/workspace/my/redux-tide/src/config.js","s":{"1":1,"2":1,"3":1,"4":1,"5":1,"6":1,"7":1,"8":1,"9":1,"10":1,"11":1,"12":1,"13":1,"14":1,"15":1,"16":1},"b":{"1":[1,0]},"f":{"1":1,"2":1},"fnMap":{"1":{"name":"setDefaultResponseMapper","line":105,"loc":{"start":{"line":100,"column":40},"end":{"line":100,"column":52}}},"2":{"name":"setDenormalize","line":109,"loc":{"start":{"line":104,"column":30},"end":{"line":104,"column":45}}}},"statementMap":{"1":{"start":{"line":0,"column":0},"end":{"line":0,"column":0},"skip":true},"2":{"start":{"line":10,"column":7},"end":{"line":10,"column":7}},"3":{"start":{"line":18,"column":7},"end":{"line":18,"column":7}},"4":{"start":{"line":27,"column":7},"end":{"line":27,"column":7}},"5":{"start":{"line":36,"column":7},"end":{"line":36,"column":7}},"6":{"start":{"line":45,"column":7},"end":{"line":45,"column":7}},"7":{"start":{"line":54,"column":7},"end":{"line":54,"column":7}},"8":{"start":{"line":63,"column":7},"end":{"line":63,"column":7}},"9":{"start":{"line":72,"column":7},"end":{"line":72,"column":7}},"10":{"start":{"line":81,"column":7},"end":{"line":81,"column":7}},"11":{"start":{"line":100,"column":7},"end":{"line":100,"column":7}},"12":{"start":{"line":101,"column":2},"end":{"line":101,"column":2}},"13":{"start":{"line":104,"column":7},"end":{"line":104,"column":7}},"14":{"start":{"line":105,"column":2},"end":{"line":105,"column":2}},"15":{"start":{"line":108,"column":0},"end":{"line":110,"column":1}},"16":{"start":{"line":109,"column":2},"end":{"line":109,"column":2}}},"branchMap":{"1":{"line":113,"type":"if","locations":[{"start":{"line":108,"column":0},"end":{"line":108,"column":0}},{"start":{"line":108,"column":0},"end":{"line":108,"column":0}}]}}},"/Users/ed/workspace/my/redux-tide/src/helper.js":{"path":"/Users/ed/workspace/my/redux-tide/src/helper.js","s":{"1":1,"2":1,"3":6,"4":0,"5":1,"6":1,"7":1,"8":1,"9":1,"10":21,"11":21,"12":1,"13":1,"14":6,"15":6,"16":3,"17":3,"18":1,"19":2,"20":1,"21":0,"22":1,"23":1,"24":1,"25":1,"26":1,"27":1,"28":1,"29":3},"b":{"1":[1,0],"2":[1,1],"3":[0,0],"4":[0,0,0,0],"5":[0,6],"6":[3,3],"7":[6,3],"8":[1,2],"9":[1,1],"10":[0,1],"11":[1,1],"12":[1,0],"13":[3,2]},"f":{"1":6,"2":0,"3":1,"4":0,"5":21,"6":6,"7":1,"8":1,"9":3},"fnMap":{"1":{"name":"(anonymous_1)","line":7,"loc":{"start":{"line":0,"column":0},"end":{"line":0,"column":0},"skip":true},"skip":true},"2":{"name":"(anonymous_2)","line":7,"loc":{"start":{"line":0,"column":0},"end":{"line":0,"column":0},"skip":true},"skip":true},"3":{"name":"(anonymous_3)","line":17,"loc":{"start":{"line":9,"column":27},"end":{"line":9,"column":33}}},"4":{"name":"uniq","line":18,"loc":{"start":{"line":10,"column":15},"end":{"line":10,"column":21}}},"5":{"name":"(anonymous_5)","line":19,"loc":{"start":{"line":11,"column":33},"end":{"line":11,"column":39}}},"6":{"name":"parseError","line":26,"loc":{"start":{"line":18,"column":26},"end":{"line":18,"column":33}}},"7":{"name":"denormalize","line":44,"loc":{"start":{"line":36,"column":27},"end":{"line":36,"column":56}}},"8":{"name":"_defaultResponseMapper","line":58,"loc":{"start":{"line":50,"column":31},"end":{"line":50,"column":39}}},"9":{"name":"getDefaultResponseMapper","line":62,"loc":{"start":{"line":54,"column":40},"end":{"line":54,"column":46}}}},"statementMap":{"1":{"start":{"line":0,"column":0},"end":{"line":0,"column":0},"skip":true},"2":{"start":{"line":0,"column":0},"end":{"line":0,"column":0},"skip":true},"3":{"start":{"line":0,"column":0},"end":{"line":0,"column":0},"skip":true},"4":{"start":{"line":0,"column":0},"end":{"line":0,"column":0},"skip":true},"5":{"start":{"line":5,"column":0},"end":{"line":5,"column":0}},"6":{"start":{"line":7,"column":0},"end":{"line":7,"column":0}},"7":{"start":{"line":9,"column":7},"end":{"line":9,"column":7}},"8":{"start":{"line":10,"column":2},"end":{"line":10,"column":2}},"9":{"start":{"line":11,"column":2},"end":{"line":11,"column":2}},"10":{"start":{"line":12,"column":4},"end":{"line":12,"column":4}},"11":{"start":{"line":13,"column":4},"end":{"line":13,"column":4}},"12":{"start":{"line":15,"column":2},"end":{"line":15,"column":2}},"13":{"start":{"line":18,"column":7},"end":{"line":18,"column":7}},"14":{"start":{"line":19,"column":2},"end":{"line":19,"column":2}},"15":{"start":{"line":21,"column":2},"end":{"line":23,"column":3}},"16":{"start":{"line":22,"column":4},"end":{"line":22,"column":4}},"17":{"start":{"line":24,"column":2},"end":{"line":26,"column":3}},"18":{"start":{"line":25,"column":4},"end":{"line":25,"column":4}},"19":{"start":{"line":27,"column":2},"end":{"line":32,"column":3}},"20":{"start":{"line":28,"column":4},"end":{"line":30,"column":5}},"21":{"start":{"line":29,"column":6},"end":{"line":29,"column":6}},"22":{"start":{"line":31,"column":4},"end":{"line":31,"column":4}},"23":{"start":{"line":33,"column":2},"end":{"line":33,"column":2}},"24":{"start":{"line":36,"column":7},"end":{"line":36,"column":7}},"25":{"start":{"line":37,"column":2},"end":{"line":37,"column":2}},"26":{"start":{"line":50,"column":0},"end":{"line":50,"column":0}},"27":{"start":{"line":51,"column":2},"end":{"line":51,"column":2}},"28":{"start":{"line":54,"column":7},"end":{"line":54,"column":7}},"29":{"start":{"line":55,"column":2},"end":{"line":55,"column":2}}},"branchMap":{"1":{"line":7,"type":"cond-expr","locations":[{"start":{"line":0,"column":0},"end":{"line":0,"column":0},"skip":true},{"start":{"line":0,"column":0},"end":{"line":0,"column":0},"skip":true}]},"2":{"line":7,"type":"binary-expr","locations":[{"start":{"line":0,"column":0},"end":{"line":0,"column":0},"skip":true},{"start":{"line":0,"column":0},"end":{"line":0,"column":0},"skip":true}]},"3":{"line":7,"type":"cond-expr","locations":[{"start":{"line":0,"column":0},"end":{"line":0,"column":0},"skip":true},{"start":{"line":0,"column":0},"end":{"line":0,"column":0},"skip":true}]},"4":{"line":7,"type":"binary-expr","locations":[{"start":{"line":0,"column":0},"end":{"line":0,"column":0},"skip":true},{"start":{"line":0,"column":0},"end":{"line":0,"column":0},"skip":true},{"start":{"line":0,"column":0},"end":{"line":0,"column":0},"skip":true},{"start":{"line":0,"column":0},"end":{"line":0,"column":0},"skip":true}]},"5":{"line":27,"type":"cond-expr","locations":[{"start":{"line":19,"column":8},"end":{"line":19,"column":8}},{"start":{"line":19,"column":8},"end":{"line":19,"column":2}}]},"6":{"line":29,"type":"if","locations":[{"start":{"line":21,"column":2},"end":{"line":21,"column":2}},{"start":{"line":21,"column":2},"end":{"line":21,"column":2}}]},"7":{"line":29,"type":"binary-expr","locations":[{"start":{"line":21,"column":6},"end":{"line":21,"column":6}},{"start":{"line":21,"column":23},"end":{"line":21,"column":2}}]},"8":{"line":32,"type":"if","locations":[{"start":{"line":24,"column":2},"end":{"line":24,"column":2}},{"start":{"line":24,"column":2},"end":{"line":24,"column":2}}]},"9":{"line":35,"type":"if","locations":[{"start":{"line":27,"column":2},"end":{"line":27,"column":2}},{"start":{"line":27,"column":2},"end":{"line":27,"column":2}}]},"10":{"line":36,"type":"if","locations":[{"start":{"line":28,"column":4},"end":{"line":28,"column":4}},{"start":{"line":28,"column":4},"end":{"line":28,"column":4}}]},"11":{"line":36,"type":"binary-expr","locations":[{"start":{"line":28,"column":8},"end":{"line":28,"column":8}},{"start":{"line":28,"column":21},"end":{"line":28,"column":4}}]},"12":{"line":39,"type":"binary-expr","locations":[{"start":{"line":31,"column":11},"end":{"line":31,"column":11}},{"start":{"line":31,"column":26},"end":{"line":31,"column":4}}]},"13":{"line":63,"type":"binary-expr","locations":[{"start":{"line":55,"column":9},"end":{"line":55,"column":9}},{"start":{"line":55,"column":53},"end":{"line":55,"column":2}}]}}},"/Users/ed/workspace/my/redux-tide/src/selector.js":{"path":"/Users/ed/workspace/my/redux-tide/src/selector.js","s":{"1":1,"2":1,"3":1,"4":1,"5":1,"6":1,"7":1,"8":1,"9":1,"10":1,"11":1,"12":2,"13":0,"14":2,"15":2,"16":1,"17":1,"18":1,"19":2,"20":1,"21":1,"22":1,"23":1,"24":1,"25":1,"26":1,"27":0,"28":1,"29":0,"30":1,"31":1,"32":1,"33":1,"34":1,"35":1,"36":1,"37":1,"38":1,"39":0,"40":1,"41":1,"42":1,"43":1,"44":1,"45":1,"46":1,"47":1,"48":1,"49":1,"50":1,"51":1,"52":0,"53":0,"54":0,"55":0,"56":0,"57":0,"58":0,"59":0,"60":0,"61":0,"62":1,"63":0,"64":1,"65":4,"66":1,"67":1,"68":1,"69":1,"70":1,"71":1,"72":1,"73":1,"74":1,"75":1,"76":0,"77":1,"78":1,"79":1},"b":{"1":[0,2],"2":[2,1],"3":[1,1],"4":[0,1],"5":[1,1],"6":[0,1],"7":[0,1],"8":[0,1],"9":[0,0],"10":[0,0],"11":[0,1],"12":[1,0]},"f":{"1":1,"2":1,"3":2,"4":2,"5":1,"6":1,"7":1,"8":1,"9":1,"10":1,"11":1,"12":1,"13":1,"14":1,"15":0,"16":0,"17":0,"18":0,"19":0,"20":0,"21":4,"22":1,"23":1,"24":1,"25":1,"26":1,"27":1,"28":0},"fnMap":{"1":{"name":"deepCopy","line":24,"loc":{"start":{"line":21,"column":17},"end":{"line":21,"column":24}}},"2":{"name":"makeDefaultActionData","line":28,"loc":{"start":{"line":25,"column":30},"end":{"line":25,"column":36}}},"3":{"name":"getPayloadIds","line":32,"loc":{"start":{"line":29,"column":22},"end":{"line":29,"column":67}}},"4":{"name":"makeActionDenormalizedPayload","line":46,"loc":{"start":{"line":43,"column":38},"end":{"line":48,"column":5}}},"5":{"name":"(anonymous_5)","line":51,"loc":{"start":{"line":54,"column":12},"end":{"line":54,"column":12}}},"6":{"name":"(anonymous_6)","line":53,"loc":{"start":{"line":55,"column":9},"end":{"line":55,"column":9}}},"7":{"name":"makeActionDenormalizedPayloads","line":59,"loc":{"start":{"line":59,"column":39},"end":{"line":67,"column":5}}},"8":{"name":"_makeGetActionData","line":80,"loc":{"start":{"line":107,"column":27},"end":{"line":107,"column":75}}},"9":{"name":"(anonymous_9)","line":81,"loc":{"start":{"line":110,"column":6},"end":{"line":110,"column":6}}},"10":{"name":"(anonymous_10)","line":83,"loc":{"start":{"line":111,"column":6},"end":{"line":111,"column":6}}},"11":{"name":"(anonymous_11)","line":85,"loc":{"start":{"line":112,"column":6},"end":{"line":112,"column":6}}},"12":{"name":"(anonymous_12)","line":87,"loc":{"start":{"line":114,"column":4},"end":{"line":114,"column":44}}},"13":{"name":"getActionData","line":108,"loc":{"start":{"line":148,"column":29},"end":{"line":148,"column":39}}},"14":{"name":"(anonymous_14)","line":113,"loc":{"start":{"line":153,"column":9},"end":{"line":153,"column":27}}},"15":{"name":"getMergedActionsData","line":119,"loc":{"start":{"line":164,"column":36},"end":{"line":164,"column":52}}},"16":{"name":"(anonymous_16)","line":124,"loc":{"start":{"line":166,"column":16},"end":{"line":166,"column":16}}},"17":{"name":"(anonymous_17)","line":126,"loc":{"start":{"line":167,"column":4},"end":{"line":167,"column":24}}},"18":{"name":"(anonymous_18)","line":131,"loc":{"start":{"line":168,"column":45},"end":{"line":168,"column":45}}},"19":{"name":"(anonymous_19)","line":135,"loc":{"start":{"line":170,"column":34},"end":{"line":170,"column":50}}},"20":{"name":"getActionsReducer","line":141,"loc":{"start":{"line":177,"column":33},"end":{"line":177,"column":33}}},"21":{"name":"getEntityReducer","line":145,"loc":{"start":{"line":179,"column":32},"end":{"line":179,"column":32}}},"22":{"name":"getEntityItemsBySchema","line":149,"loc":{"start":{"line":181,"column":38},"end":{"line":181,"column":54}}},"23":{"name":"(anonymous_23)","line":150,"loc":{"start":{"line":182,"column":44},"end":{"line":182,"column":56}}},"24":{"name":"getEntityItemsByAction","line":155,"loc":{"start":{"line":187,"column":38},"end":{"line":187,"column":48}}},"25":{"name":"(anonymous_25)","line":156,"loc":{"start":{"line":188,"column":44},"end":{"line":188,"column":56}}},"26":{"name":"getEntityItemsByEntityName","line":161,"loc":{"start":{"line":193,"column":42},"end":{"line":193,"column":50}}},"27":{"name":"(anonymous_27)","line":162,"loc":{"start":{"line":194,"column":44},"end":{"line":194,"column":56}}},"28":{"name":"denomalizeEntityItemById","line":167,"loc":{"start":{"line":199,"column":40},"end":{"line":199,"column":66}}}},"statementMap":{"1":{"start":{"line":0,"column":0},"end":{"line":0,"column":0},"skip":true},"2":{"start":{"line":0,"column":0},"end":{"line":0,"column":0},"skip":true},"3":{"start":{"line":5,"column":0},"end":{"line":5,"column":0}},"4":{"start":{"line":6,"column":0},"end":{"line":6,"column":0}},"5":{"start":{"line":7,"column":0},"end":{"line":7,"column":0}},"6":{"start":{"line":0,"column":0},"end":{"line":0,"column":0},"skip":true},"7":{"start":{"line":21,"column":0},"end":{"line":21,"column":0}},"8":{"start":{"line":22,"column":2},"end":{"line":22,"column":2}},"9":{"start":{"line":25,"column":0},"end":{"line":25,"column":0}},"10":{"start":{"line":26,"column":2},"end":{"line":26,"column":2}},"11":{"start":{"line":29,"column":0},"end":{"line":29,"column":0}},"12":{"start":{"line":30,"column":2},"end":{"line":32,"column":3}},"13":{"start":{"line":31,"column":4},"end":{"line":31,"column":4}},"14":{"start":{"line":34,"column":2},"end":{"line":34,"column":2}},"15":{"start":{"line":36,"column":2},"end":{"line":38,"column":3}},"16":{"start":{"line":37,"column":4},"end":{"line":37,"column":4}},"17":{"start":{"line":40,"column":2},"end":{"line":40,"column":2}},"18":{"start":{"line":43,"column":0},"end":{"line":43,"column":0}},"19":{"start":{"line":49,"column":2},"end":{"line":51,"column":3}},"20":{"start":{"line":50,"column":4},"end":{"line":50,"column":4}},"21":{"start":{"line":53,"column":2},"end":{"line":53,"column":2}},"22":{"start":{"line":54,"column":12},"end":{"line":54,"column":12}},"23":{"start":{"line":55,"column":9},"end":{"line":55,"column":9}},"24":{"start":{"line":56,"column":2},"end":{"line":56,"column":2}},"25":{"start":{"line":59,"column":0},"end":{"line":59,"column":0}},"26":{"start":{"line":68,"column":2},"end":{"line":70,"column":3}},"27":{"start":{"line":69,"column":4},"end":{"line":69,"column":4}},"28":{"start":{"line":72,"column":2},"end":{"line":77,"column":3}},"29":{"start":{"line":73,"column":4},"end":{"line":73,"column":4}},"30":{"start":{"line":79,"column":2},"end":{"line":79,"column":2}},"31":{"start":{"line":84,"column":2},"end":{"line":84,"column":2}},"32":{"start":{"line":91,"column":2},"end":{"line":91,"column":2}},"33":{"start":{"line":107,"column":0},"end":{"line":107,"column":0}},"34":{"start":{"line":108,"column":2},"end":{"line":108,"column":2}},"35":{"start":{"line":110,"column":6},"end":{"line":110,"column":6}},"36":{"start":{"line":111,"column":6},"end":{"line":111,"column":6}},"37":{"start":{"line":112,"column":6},"end":{"line":112,"column":6}},"38":{"start":{"line":115,"column":6},"end":{"line":117,"column":7}},"39":{"start":{"line":116,"column":8},"end":{"line":116,"column":8}},"40":{"start":{"line":119,"column":6},"end":{"line":119,"column":6}},"41":{"start":{"line":120,"column":6},"end":{"line":120,"column":6}},"42":{"start":{"line":121,"column":6},"end":{"line":121,"column":6}},"43":{"start":{"line":123,"column":6},"end":{"line":123,"column":6}},"44":{"start":{"line":148,"column":7},"end":{"line":148,"column":7}},"45":{"start":{"line":149,"column":2},"end":{"line":149,"column":2}},"46":{"start":{"line":150,"column":2},"end":{"line":150,"column":2}},"47":{"start":{"line":151,"column":2},"end":{"line":151,"column":2}},"48":{"start":{"line":153,"column":2},"end":{"line":153,"column":2}},"49":{"start":{"line":154,"column":4},"end":{"line":154,"column":4}},"50":{"start":{"line":160,"column":4},"end":{"line":160,"column":4}},"51":{"start":{"line":164,"column":7},"end":{"line":164,"column":7}},"52":{"start":{"line":164,"column":52},"end":{"line":164,"column":52}},"53":{"start":{"line":164,"column":40},"end":{"line":164,"column":52}},"54":{"start":{"line":165,"column":2},"end":{"line":165,"column":2}},"55":{"start":{"line":166,"column":16},"end":{"line":166,"column":16}},"56":{"start":{"line":167,"column":24},"end":{"line":167,"column":24}},"57":{"start":{"line":167,"column":8},"end":{"line":167,"column":24}},"58":{"start":{"line":168,"column":6},"end":{"line":168,"column":6}},"59":{"start":{"line":168,"column":45},"end":{"line":168,"column":45}},"60":{"start":{"line":170,"column":6},"end":{"line":170,"column":6}},"61":{"start":{"line":171,"column":8},"end":{"line":171,"column":8}},"62":{"start":{"line":177,"column":7},"end":{"line":177,"column":7}},"63":{"start":{"line":177,"column":33},"end":{"line":177,"column":33}},"64":{"start":{"line":179,"column":7},"end":{"line":179,"column":7}},"65":{"start":{"line":179,"column":32},"end":{"line":179,"column":32}},"66":{"start":{"line":181,"column":7},"end":{"line":181,"column":7}},"67":{"start":{"line":182,"column":2},"end":{"line":182,"column":2}},"68":{"start":{"line":183,"column":4},"end":{"line":183,"column":4}},"69":{"start":{"line":187,"column":7},"end":{"line":187,"column":7}},"70":{"start":{"line":188,"column":2},"end":{"line":188,"column":2}},"71":{"start":{"line":189,"column":4},"end":{"line":189,"column":4}},"72":{"start":{"line":193,"column":7},"end":{"line":193,"column":7}},"73":{"start":{"line":194,"column":2},"end":{"line":194,"column":2}},"74":{"start":{"line":195,"column":4},"end":{"line":195,"column":4}},"75":{"start":{"line":199,"column":7},"end":{"line":199,"column":7}},"76":{"start":{"line":200,"column":2},"end":{"line":200,"column":2}},"77":{"start":{"line":203,"column":0},"end":{"line":206,"column":1}},"78":{"start":{"line":204,"column":2},"end":{"line":204,"column":2}},"79":{"start":{"line":205,"column":2},"end":{"line":205,"column":2}}},"branchMap":{"1":{"line":33,"type":"if","locations":[{"start":{"line":30,"column":2},"end":{"line":30,"column":2}},{"start":{"line":30,"column":2},"end":{"line":30,"column":2}}]},"2":{"line":37,"type":"binary-expr","locations":[{"start":{"line":34,"column":37},"end":{"line":34,"column":37}},{"start":{"line":34,"column":49},"end":{"line":34,"column":21}}]},"3":{"line":39,"type":"if","locations":[{"start":{"line":36,"column":2},"end":{"line":36,"column":2}},{"start":{"line":36,"column":2},"end":{"line":36,"column":2}}]},"4":{"line":43,"type":"cond-expr","locations":[{"start":{"line":40,"column":19},"end":{"line":40,"column":9}},{"start":{"line":40,"column":32},"end":{"line":40,"column":2}}]},"5":{"line":47,"type":"if","locations":[{"start":{"line":49,"column":2},"end":{"line":49,"column":2}},{"start":{"line":49,"column":2},"end":{"line":49,"column":2}}]},"6":{"line":56,"type":"cond-expr","locations":[{"start":{"line":56,"column":19},"end":{"line":56,"column":9}},{"start":{"line":56,"column":28},"end":{"line":56,"column":2}}]},"7":{"line":60,"type":"if","locations":[{"start":{"line":68,"column":2},"end":{"line":68,"column":2}},{"start":{"line":68,"column":2},"end":{"line":68,"column":2}}]},"8":{"line":64,"type":"if","locations":[{"start":{"line":72,"column":2},"end":{"line":72,"column":2}},{"start":{"line":72,"column":2},"end":{"line":72,"column":2}}]},"9":{"line":66,"type":"cond-expr","locations":[{"start":{"line":74,"column":32},"end":{"line":74,"column":15}},{"start":{"line":74,"column":37},"end":{"line":73,"column":11}}]},"10":{"line":67,"type":"cond-expr","locations":[{"start":{"line":75,"column":36},"end":{"line":75,"column":19}},{"start":{"line":75,"column":41},"end":{"line":75,"column":41}}]},"11":{"line":88,"type":"if","locations":[{"start":{"line":115,"column":6},"end":{"line":115,"column":6}},{"start":{"line":115,"column":6},"end":{"line":115,"column":6}}]},"12":{"line":171,"type":"if","locations":[{"start":{"line":203,"column":0},"end":{"line":203,"column":0}},{"start":{"line":203,"column":0},"end":{"line":203,"column":0}}]}}}}