{"/Users/ed/workspace/my/redux-tide/src/action.js":{"path":"/Users/ed/workspace/my/redux-tide/src/action.js","s":{"1":1,"2":1,"3":1,"4":0,"5":0,"6":1,"7":1,"8":0,"9":0,"10":0,"11":0,"12":0,"13":0,"14":0,"15":0,"16":0,"17":0,"18":0,"19":0,"20":0,"21":0,"22":0,"23":0,"24":0,"25":1,"26":0,"27":0,"28":0,"29":0,"30":0,"31":1,"32":1,"33":1,"34":1,"35":5,"36":1,"37":3,"38":2,"39":0,"40":0,"41":2,"42":2,"43":2,"44":2,"45":2,"46":2,"47":2,"48":0,"49":2,"50":1,"51":3,"52":0,"53":0,"54":0,"55":0,"56":0,"57":0,"58":1,"59":0,"60":0,"61":0,"62":0,"63":0,"64":0,"65":0,"66":0,"67":0,"68":0,"69":0,"70":0,"71":0,"72":0,"73":0,"74":0,"75":0,"76":0,"77":0,"78":0,"79":0,"80":0,"81":0,"82":0,"83":0,"84":0,"85":0,"86":0,"87":0,"88":0,"89":0,"90":0,"91":0,"92":0,"93":0,"94":0,"95":0,"96":0,"97":0,"98":0,"99":0,"100":0,"101":0,"102":0,"103":0,"104":0,"105":0,"106":0,"107":0,"108":3,"109":0,"110":3,"111":0,"112":3,"113":0,"114":3,"115":1,"116":3,"117":0,"118":3,"119":0,"120":0,"121":0,"122":3,"123":0,"124":3,"125":0,"126":0,"127":3,"128":1,"129":1,"130":0,"131":1,"132":0,"133":1,"134":0,"135":1,"136":1,"137":1,"138":1,"139":1,"140":1},"b":{"1":[1,0],"2":[1,1],"3":[0,0],"4":[0,0,0,0],"5":[0,0],"6":[0,0],"7":[0,0],"8":[0,0],"9":[0,0],"10":[0,0],"11":[0,0],"12":[0,2],"13":[2,0],"14":[0,2],"15":[2,2],"16":[2,0],"17":[2,2],"18":[0,0],"19":[0,2],"20":[2,2],"21":[0,0],"22":[0,2],"23":[2,2,0],"24":[0,0],"25":[0,0],"26":[0,0],"27":[0,0],"28":[0,0],"29":[0,0],"30":[0,0],"31":[0,0],"32":[0,0,0,0],"33":[0,0],"34":[0,0],"35":[0,0],"36":[0,0],"37":[0,0],"38":[0,0],"39":[0,0],"40":[0,0],"41":[0,0],"42":[0,0],"43":[0,0],"44":[0,1],"45":[0,1],"46":[0,1],"47":[1,0],"48":[1,0]},"f":{"1":0,"2":0,"3":1,"4":0,"5":0,"6":5,"7":3,"8":2,"9":0,"10":3,"11":0,"12":0,"13":0,"14":0,"15":0,"16":0,"17":0,"18":0,"19":0,"20":0,"21":0,"22":0,"23":0,"24":0,"25":0,"26":0,"27":0,"28":0,"29":1,"30":0,"31":0,"32":0,"33":0,"34":0,"35":1},"fnMap":{"1":{"name":"(anonymous_1)","line":8,"loc":{"start":{"line":0,"column":0},"end":{"line":0,"column":0},"skip":true},"skip":true},"2":{"name":"(anonymous_2)","line":8,"loc":{"start":{"line":0,"column":0},"end":{"line":0,"column":0},"skip":true},"skip":true},"3":{"name":"(anonymous_3)","line":10,"loc":{"start":{"line":0,"column":0},"end":{"line":0,"column":0},"skip":true},"skip":true},"4":{"name":"sliceIterator","line":10,"loc":{"start":{"line":0,"column":0},"end":{"line":0,"column":0},"skip":true},"skip":true},"5":{"name":"(anonymous_5)","line":10,"loc":{"start":{"line":0,"column":0},"end":{"line":0,"column":0},"skip":true},"skip":true},"6":{"name":"_makeActionUniqId","line":29,"loc":{"start":{"line":25,"column":26},"end":{"line":25,"column":34}}},"7":{"name":"_makeActionHandler","line":45,"loc":{"start":{"line":41,"column":27},"end":{"line":47,"column":5}}},"8":{"name":"(anonymous_8)","line":53,"loc":{"start":{"line":55,"column":9},"end":{"line":55,"column":54}}},"9":{"name":"(anonymous_9)","line":78,"loc":{"start":{"line":91,"column":30},"end":{"line":91,"column":30}}},"10":{"name":"_makeAction","line":139,"loc":{"start":{"line":152,"column":20},"end":{"line":159,"column":5}}},"11":{"name":"_makeWithId","line":140,"loc":{"start":{"line":160,"column":22},"end":{"line":160,"column":37}}},"12":{"name":"Action","line":161,"loc":{"start":{"line":188,"column":2},"end":{"line":188,"column":20}}},"13":{"name":"(anonymous_13)","line":167,"loc":{"start":{"line":192,"column":51},"end":{"line":192,"column":51}}},"14":{"name":"actionResultCallback","line":175,"loc":{"start":{"line":202,"column":33},"end":{"line":202,"column":70}}},"15":{"name":"_makeQueryBuilder","line":187,"loc":{"start":{"line":218,"column":30},"end":{"line":218,"column":75}}},"16":{"name":"(anonymous_16)","line":195,"loc":{"start":{"line":233,"column":16},"end":{"line":233,"column":24}}},"17":{"name":"(anonymous_17)","line":197,"loc":{"start":{"line":236,"column":17},"end":{"line":236,"column":24}}},"18":{"name":"_callActionMethod","line":208,"loc":{"start":{"line":250,"column":30},"end":{"line":250,"column":74}}},"19":{"name":"(anonymous_19)","line":214,"loc":{"start":{"line":257,"column":16},"end":{"line":257,"column":16}}},"20":{"name":"(anonymous_20)","line":216,"loc":{"start":{"line":258,"column":17},"end":{"line":258,"column":17}}},"21":{"name":"(anonymous_21)","line":229,"loc":{"start":{"line":272,"column":18},"end":{"line":272,"column":18}}},"22":{"name":"(anonymous_22)","line":231,"loc":{"start":{"line":273,"column":19},"end":{"line":273,"column":19}}},"23":{"name":"(anonymous_23)","line":241,"loc":{"start":{"line":283,"column":11},"end":{"line":283,"column":40}}},"24":{"name":"(anonymous_24)","line":248,"loc":{"start":{"line":293,"column":18},"end":{"line":293,"column":18}}},"25":{"name":"(anonymous_25)","line":250,"loc":{"start":{"line":296,"column":19},"end":{"line":296,"column":26}}},"26":{"name":"(anonymous_26)","line":267,"loc":{"start":{"line":313,"column":69},"end":{"line":313,"column":75}}},"27":{"name":"(anonymous_27)","line":278,"loc":{"start":{"line":324,"column":23},"end":{"line":324,"column":31}}},"28":{"name":"(anonymous_28)","line":287,"loc":{"start":{"line":333,"column":21},"end":{"line":333,"column":27}}},"29":{"name":"(anonymous_29)","line":296,"loc":{"start":{"line":342,"column":25},"end":{"line":342,"column":31}}},"30":{"name":"(anonymous_30)","line":305,"loc":{"start":{"line":351,"column":17},"end":{"line":351,"column":23}}},"31":{"name":"(anonymous_31)","line":314,"loc":{"start":{"line":365,"column":22},"end":{"line":365,"column":37}}},"32":{"name":"(anonymous_32)","line":327,"loc":{"start":{"line":374,"column":20},"end":{"line":374,"column":28}}},"33":{"name":"(anonymous_33)","line":342,"loc":{"start":{"line":389,"column":17},"end":{"line":389,"column":23}}},"34":{"name":"(anonymous_34)","line":343,"loc":{"start":{"line":390,"column":11},"end":{"line":390,"column":35}}},"35":{"name":"createAction","line":407,"loc":{"start":{"line":454,"column":28},"end":{"line":459,"column":5}}}},"statementMap":{"1":{"start":{"line":0,"column":0},"end":{"line":0,"column":0},"skip":true},"2":{"start":{"line":0,"column":0},"end":{"line":0,"column":0},"skip":true},"3":{"start":{"line":0,"column":0},"end":{"line":0,"column":0},"skip":true},"4":{"start":{"line":0,"column":0},"end":{"line":0,"column":0},"skip":true},"5":{"start":{"line":0,"column":0},"end":{"line":0,"column":0},"skip":true},"6":{"start":{"line":0,"column":0},"end":{"line":0,"column":0},"skip":true},"7":{"start":{"line":0,"column":0},"end":{"line":0,"column":0},"skip":true},"8":{"start":{"line":0,"column":0},"end":{"line":0,"column":0},"skip":true},"9":{"start":{"line":0,"column":0},"end":{"line":0,"column":0},"skip":true},"10":{"start":{"line":0,"column":0},"end":{"line":0,"column":0},"skip":true},"11":{"start":{"line":0,"column":0},"end":{"line":0,"column":0},"skip":true},"12":{"start":{"line":0,"column":0},"end":{"line":0,"column":0},"skip":true},"13":{"start":{"line":0,"column":0},"end":{"line":0,"column":0},"skip":true},"14":{"start":{"line":0,"column":0},"end":{"line":0,"column":0},"skip":true},"15":{"start":{"line":0,"column":0},"end":{"line":0,"column":0},"skip":true},"16":{"start":{"line":0,"column":0},"end":{"line":0,"column":0},"skip":true},"17":{"start":{"line":0,"column":0},"end":{"line":0,"column":0},"skip":true},"18":{"start":{"line":0,"column":0},"end":{"line":0,"column":0},"skip":true},"19":{"start":{"line":0,"column":0},"end":{"line":0,"column":0},"skip":true},"20":{"start":{"line":0,"column":0},"end":{"line":0,"column":0},"skip":true},"21":{"start":{"line":0,"column":0},"end":{"line":0,"column":0},"skip":true},"22":{"start":{"line":0,"column":0},"end":{"line":0,"column":0},"skip":true},"23":{"start":{"line":0,"column":0},"end":{"line":0,"column":0},"skip":true},"24":{"start":{"line":0,"column":0},"end":{"line":0,"column":0},"skip":true},"25":{"start":{"line":0,"column":0},"end":{"line":0,"column":0},"skip":true},"26":{"start":{"line":0,"column":0},"end":{"line":0,"column":0},"skip":true},"27":{"start":{"line":0,"column":0},"end":{"line":0,"column":0},"skip":true},"28":{"start":{"line":0,"column":0},"end":{"line":0,"column":0},"skip":true},"29":{"start":{"line":0,"column":0},"end":{"line":0,"column":0},"skip":true},"30":{"start":{"line":0,"column":0},"end":{"line":0,"column":0},"skip":true},"31":{"start":{"line":5,"column":0},"end":{"line":5,"column":0}},"32":{"start":{"line":13,"column":0},"end":{"line":13,"column":0}},"33":{"start":{"line":14,"column":0},"end":{"line":14,"column":0}},"34":{"start":{"line":25,"column":0},"end":{"line":25,"column":0}},"35":{"start":{"line":26,"column":2},"end":{"line":26,"column":2}},"36":{"start":{"line":41,"column":0},"end":{"line":41,"column":0}},"37":{"start":{"line":55,"column":2},"end":{"line":55,"column":2}},"38":{"start":{"line":56,"column":4},"end":{"line":59,"column":5}},"39":{"start":{"line":57,"column":6},"end":{"line":57,"column":6}},"40":{"start":{"line":58,"column":6},"end":{"line":58,"column":6}},"41":{"start":{"line":62,"column":4},"end":{"line":62,"column":4}},"42":{"start":{"line":65,"column":4},"end":{"line":65,"column":4}},"43":{"start":{"line":73,"column":4},"end":{"line":73,"column":4}},"44":{"start":{"line":76,"column":4},"end":{"line":76,"column":4}},"45":{"start":{"line":82,"column":4},"end":{"line":82,"column":4}},"46":{"start":{"line":85,"column":4},"end":{"line":85,"column":4}},"47":{"start":{"line":88,"column":4},"end":{"line":88,"column":4}},"48":{"start":{"line":91,"column":30},"end":{"line":91,"column":30}},"49":{"start":{"line":115,"column":4},"end":{"line":115,"column":4}},"50":{"start":{"line":152,"column":0},"end":{"line":152,"column":0}},"51":{"start":{"line":160,"column":2},"end":{"line":160,"column":2}},"52":{"start":{"line":161,"column":4},"end":{"line":161,"column":4}},"53":{"start":{"line":163,"column":4},"end":{"line":165,"column":5}},"54":{"start":{"line":164,"column":6},"end":{"line":164,"column":6}},"55":{"start":{"line":167,"column":4},"end":{"line":167,"column":4}},"56":{"start":{"line":168,"column":4},"end":{"line":168,"column":4}},"57":{"start":{"line":170,"column":4},"end":{"line":170,"column":4}},"58":{"start":{"line":188,"column":2},"end":{"line":306,"column":3}},"59":{"start":{"line":188,"column":20},"end":{"line":188,"column":20}},"60":{"start":{"line":189,"column":4},"end":{"line":189,"column":4}},"61":{"start":{"line":190,"column":4},"end":{"line":190,"column":4}},"62":{"start":{"line":188,"column":20},"end":{"line":188,"column":20}},"63":{"start":{"line":192,"column":51},"end":{"line":192,"column":51}},"64":{"start":{"line":202,"column":4},"end":{"line":202,"column":4}},"65":{"start":{"line":203,"column":6},"end":{"line":215,"column":7}},"66":{"start":{"line":204,"column":8},"end":{"line":204,"column":8}},"67":{"start":{"line":205,"column":8},"end":{"line":205,"column":8}},"68":{"start":{"line":209,"column":8},"end":{"line":209,"column":8}},"69":{"start":{"line":213,"column":8},"end":{"line":213,"column":8}},"70":{"start":{"line":214,"column":8},"end":{"line":214,"column":8}},"71":{"start":{"line":218,"column":4},"end":{"line":218,"column":4}},"72":{"start":{"line":219,"column":6},"end":{"line":219,"column":6}},"73":{"start":{"line":221,"column":6},"end":{"line":228,"column":7}},"74":{"start":{"line":227,"column":8},"end":{"line":227,"column":8}},"75":{"start":{"line":230,"column":6},"end":{"line":239,"column":7}},"76":{"start":{"line":231,"column":8},"end":{"line":231,"column":8}},"77":{"start":{"line":234,"column":12},"end":{"line":234,"column":12}},"78":{"start":{"line":237,"column":12},"end":{"line":237,"column":12}},"79":{"start":{"line":241,"column":6},"end":{"line":247,"column":7}},"80":{"start":{"line":242,"column":8},"end":{"line":242,"column":8}},"81":{"start":{"line":246,"column":8},"end":{"line":246,"column":8}},"82":{"start":{"line":250,"column":4},"end":{"line":250,"column":4}},"83":{"start":{"line":251,"column":6},"end":{"line":251,"column":6}},"84":{"start":{"line":253,"column":6},"end":{"line":253,"column":6}},"85":{"start":{"line":255,"column":6},"end":{"line":261,"column":7}},"86":{"start":{"line":256,"column":8},"end":{"line":256,"column":8}},"87":{"start":{"line":257,"column":16},"end":{"line":257,"column":16}},"88":{"start":{"line":258,"column":17},"end":{"line":258,"column":17}},"89":{"start":{"line":263,"column":6},"end":{"line":277,"column":7}},"90":{"start":{"line":264,"column":8},"end":{"line":264,"column":8}},"91":{"start":{"line":266,"column":8},"end":{"line":268,"column":9}},"92":{"start":{"line":267,"column":10},"end":{"line":267,"column":10}},"93":{"start":{"line":270,"column":8},"end":{"line":276,"column":9}},"94":{"start":{"line":271,"column":10},"end":{"line":271,"column":10}},"95":{"start":{"line":272,"column":18},"end":{"line":272,"column":18}},"96":{"start":{"line":273,"column":19},"end":{"line":273,"column":19}},"97":{"start":{"line":279,"column":6},"end":{"line":279,"column":6}},"98":{"start":{"line":283,"column":4},"end":{"line":283,"column":4}},"99":{"start":{"line":284,"column":6},"end":{"line":284,"column":6}},"100":{"start":{"line":286,"column":6},"end":{"line":304,"column":7}},"101":{"start":{"line":287,"column":8},"end":{"line":287,"column":8}},"102":{"start":{"line":291,"column":8},"end":{"line":299,"column":9}},"103":{"start":{"line":292,"column":10},"end":{"line":292,"column":10}},"104":{"start":{"line":293,"column":18},"end":{"line":293,"column":18}},"105":{"start":{"line":297,"column":14},"end":{"line":297,"column":14}},"106":{"start":{"line":301,"column":8},"end":{"line":301,"column":8}},"107":{"start":{"line":303,"column":8},"end":{"line":303,"column":8}},"108":{"start":{"line":313,"column":2},"end":{"line":313,"column":2}},"109":{"start":{"line":314,"column":4},"end":{"line":314,"column":4}},"110":{"start":{"line":324,"column":2},"end":{"line":324,"column":2}},"111":{"start":{"line":325,"column":4},"end":{"line":325,"column":4}},"112":{"start":{"line":333,"column":2},"end":{"line":333,"column":2}},"113":{"start":{"line":334,"column":4},"end":{"line":334,"column":4}},"114":{"start":{"line":342,"column":2},"end":{"line":342,"column":2}},"115":{"start":{"line":343,"column":4},"end":{"line":343,"column":4}},"116":{"start":{"line":351,"column":2},"end":{"line":351,"column":2}},"117":{"start":{"line":352,"column":4},"end":{"line":352,"column":4}},"118":{"start":{"line":365,"column":2},"end":{"line":365,"column":2}},"119":{"start":{"line":365,"column":37},"end":{"line":365,"column":37}},"120":{"start":{"line":365,"column":26},"end":{"line":365,"column":37}},"121":{"start":{"line":366,"column":4},"end":{"line":366,"column":4}},"122":{"start":{"line":374,"column":2},"end":{"line":374,"column":2}},"123":{"start":{"line":375,"column":4},"end":{"line":375,"column":4}},"124":{"start":{"line":389,"column":2},"end":{"line":389,"column":2}},"125":{"start":{"line":390,"column":4},"end":{"line":390,"column":4}},"126":{"start":{"line":391,"column":6},"end":{"line":391,"column":6}},"127":{"start":{"line":400,"column":2},"end":{"line":400,"column":2}},"128":{"start":{"line":454,"column":7},"end":{"line":454,"column":7}},"129":{"start":{"line":460,"column":2},"end":{"line":462,"column":3}},"130":{"start":{"line":461,"column":4},"end":{"line":461,"column":4}},"131":{"start":{"line":463,"column":2},"end":{"line":465,"column":3}},"132":{"start":{"line":464,"column":4},"end":{"line":464,"column":4}},"133":{"start":{"line":466,"column":2},"end":{"line":468,"column":3}},"134":{"start":{"line":467,"column":4},"end":{"line":467,"column":4}},"135":{"start":{"line":470,"column":2},"end":{"line":470,"column":2}},"136":{"start":{"line":472,"column":2},"end":{"line":472,"column":2}},"137":{"start":{"line":482,"column":0},"end":{"line":486,"column":1}},"138":{"start":{"line":483,"column":2},"end":{"line":483,"column":2}},"139":{"start":{"line":484,"column":2},"end":{"line":484,"column":2}},"140":{"start":{"line":485,"column":2},"end":{"line":485,"column":2}}},"branchMap":{"1":{"line":8,"type":"cond-expr","locations":[{"start":{"line":0,"column":0},"end":{"line":0,"column":0},"skip":true},{"start":{"line":0,"column":0},"end":{"line":0,"column":0},"skip":true}]},"2":{"line":8,"type":"binary-expr","locations":[{"start":{"line":0,"column":0},"end":{"line":0,"column":0},"skip":true},{"start":{"line":0,"column":0},"end":{"line":0,"column":0},"skip":true}]},"3":{"line":8,"type":"cond-expr","locations":[{"start":{"line":0,"column":0},"end":{"line":0,"column":0},"skip":true},{"start":{"line":0,"column":0},"end":{"line":0,"column":0},"skip":true}]},"4":{"line":8,"type":"binary-expr","locations":[{"start":{"line":0,"column":0},"end":{"line":0,"column":0},"skip":true},{"start":{"line":0,"column":0},"end":{"line":0,"column":0},"skip":true},{"start":{"line":0,"column":0},"end":{"line":0,"column":0},"skip":true},{"start":{"line":0,"column":0},"end":{"line":0,"column":0},"skip":true}]},"5":{"line":10,"type":"if","locations":[{"start":{"line":0,"column":0},"end":{"line":0,"column":0},"skip":true},{"start":{"line":0,"column":0},"end":{"line":0,"column":0},"skip":true}]},"6":{"line":10,"type":"binary-expr","locations":[{"start":{"line":0,"column":0},"end":{"line":0,"column":0},"skip":true},{"start":{"line":0,"column":0},"end":{"line":0,"column":0},"skip":true}]},"7":{"line":10,"type":"if","locations":[{"start":{"line":0,"column":0},"end":{"line":0,"column":0},"skip":true},{"start":{"line":0,"column":0},"end":{"line":0,"column":0},"skip":true}]},"8":{"line":10,"type":"binary-expr","locations":[{"start":{"line":0,"column":0},"end":{"line":0,"column":0},"skip":true},{"start":{"line":0,"column":0},"end":{"line":0,"column":0},"skip":true}]},"9":{"line":10,"type":"if","locations":[{"start":{"line":0,"column":0},"end":{"line":0,"column":0},"skip":true},{"start":{"line":0,"column":0},"end":{"line":0,"column":0},"skip":true}]},"10":{"line":10,"type":"if","locations":[{"start":{"line":0,"column":0},"end":{"line":0,"column":0},"skip":true},{"start":{"line":0,"column":0},"end":{"line":0,"column":0},"skip":true}]},"11":{"line":10,"type":"if","locations":[{"start":{"line":0,"column":0},"end":{"line":0,"column":0},"skip":true},{"start":{"line":0,"column":0},"end":{"line":0,"column":0},"skip":true}]},"12":{"line":54,"type":"if","locations":[{"start":{"line":56,"column":4},"end":{"line":56,"column":4}},{"start":{"line":56,"column":4},"end":{"line":56,"column":4}}]},"13":{"line":54,"type":"binary-expr","locations":[{"start":{"line":56,"column":8},"end":{"line":56,"column":8}},{"start":{"line":56,"column":36},"end":{"line":56,"column":4}}]},"14":{"line":63,"type":"cond-expr","locations":[{"start":{"line":67,"column":10},"end":{"line":66,"column":6}},{"start":{"line":68,"column":10},"end":{"line":65,"column":4}}]},"15":{"line":63,"type":"binary-expr","locations":[{"start":{"line":66,"column":6},"end":{"line":66,"column":6}},{"start":{"line":66,"column":21},"end":{"line":66,"column":6}}]},"16":{"line":63,"type":"cond-expr","locations":[{"start":{"line":69,"column":12},"end":{"line":68,"column":10}},{"start":{"line":70,"column":12},"end":{"line":65,"column":4}}]},"17":{"line":63,"type":"binary-expr","locations":[{"start":{"line":68,"column":10},"end":{"line":68,"column":10}},{"start":{"line":68,"column":25},"end":{"line":68,"column":10}}]},"18":{"line":63,"type":"cond-expr","locations":[{"start":{"line":70,"column":20},"end":{"line":70,"column":12}},{"start":{"line":70,"column":28},"end":{"line":65,"column":4}}]},"19":{"line":69,"type":"cond-expr","locations":[{"start":{"line":78,"column":10},"end":{"line":77,"column":6}},{"start":{"line":79,"column":10},"end":{"line":76,"column":4}}]},"20":{"line":69,"type":"binary-expr","locations":[{"start":{"line":77,"column":6},"end":{"line":77,"column":6}},{"start":{"line":77,"column":21},"end":{"line":77,"column":6}}]},"21":{"line":69,"type":"cond-expr","locations":[{"start":{"line":78,"column":10},"end":{"line":78,"column":10}},{"start":{"line":78,"column":10},"end":{"line":77,"column":6}}]},"22":{"line":78,"type":"cond-expr","locations":[{"start":{"line":90,"column":10},"end":{"line":89,"column":6}},{"start":{"line":93,"column":10},"end":{"line":88,"column":4}}]},"23":{"line":78,"type":"binary-expr","locations":[{"start":{"line":89,"column":6},"end":{"line":89,"column":6}},{"start":{"line":89,"column":21},"end":{"line":89,"column":6}},{"start":{"line":89,"column":34},"end":{"line":89,"column":6}}]},"24":{"line":78,"type":"cond-expr","locations":[{"start":{"line":91,"column":12},"end":{"line":90,"column":10}},{"start":{"line":92,"column":12},"end":{"line":89,"column":6}}]},"25":{"line":143,"type":"if","locations":[{"start":{"line":163,"column":4},"end":{"line":163,"column":4}},{"start":{"line":163,"column":4},"end":{"line":163,"column":4}}]},"26":{"line":165,"type":"binary-expr","locations":[{"start":{"line":190,"column":33},"end":{"line":190,"column":33}},{"start":{"line":190,"column":51},"end":{"line":190,"column":4}}]},"27":{"line":178,"type":"cond-expr","locations":[{"start":{"line":206,"column":12},"end":{"line":205,"column":29}},{"start":{"line":207,"column":12},"end":{"line":205,"column":8}}]},"28":{"line":180,"type":"cond-expr","locations":[{"start":{"line":210,"column":12},"end":{"line":209,"column":8}},{"start":{"line":211,"column":12},"end":{"line":209,"column":8}}]},"29":{"line":182,"type":"binary-expr","locations":[{"start":{"line":213,"column":33},"end":{"line":213,"column":33}},{"start":{"line":213,"column":46},"end":{"line":213,"column":23}}]},"30":{"line":188,"type":"cond-expr","locations":[{"start":{"line":219,"column":10},"end":{"line":219,"column":10}},{"start":{"line":219,"column":10},"end":{"line":219,"column":6}}]},"31":{"line":190,"type":"if","locations":[{"start":{"line":221,"column":6},"end":{"line":221,"column":6}},{"start":{"line":221,"column":6},"end":{"line":221,"column":6}}]},"32":{"line":190,"type":"binary-expr","locations":[{"start":{"line":222,"column":8},"end":{"line":222,"column":8}},{"start":{"line":223,"column":8},"end":{"line":222,"column":8}},{"start":{"line":224,"column":8},"end":{"line":222,"column":8}},{"start":{"line":225,"column":8},"end":{"line":221,"column":6}}]},"33":{"line":194,"type":"if","locations":[{"start":{"line":230,"column":6},"end":{"line":230,"column":6}},{"start":{"line":230,"column":6},"end":{"line":230,"column":6}}]},"34":{"line":195,"type":"cond-expr","locations":[{"start":{"line":232,"column":37},"end":{"line":232,"column":23}},{"start":{"line":232,"column":44},"end":{"line":231,"column":15}}]},"35":{"line":202,"type":"if","locations":[{"start":{"line":241,"column":6},"end":{"line":241,"column":6}},{"start":{"line":241,"column":6},"end":{"line":241,"column":6}}]},"36":{"line":203,"type":"cond-expr","locations":[{"start":{"line":244,"column":24},"end":{"line":244,"column":10}},{"start":{"line":244,"column":31},"end":{"line":242,"column":21}}]},"37":{"line":209,"type":"cond-expr","locations":[{"start":{"line":251,"column":35},"end":{"line":251,"column":13}},{"start":{"line":251,"column":42},"end":{"line":251,"column":6}}]},"38":{"line":213,"type":"if","locations":[{"start":{"line":255,"column":6},"end":{"line":255,"column":6}},{"start":{"line":255,"column":6},"end":{"line":255,"column":6}}]},"39":{"line":221,"type":"if","locations":[{"start":{"line":263,"column":6},"end":{"line":263,"column":6}},{"start":{"line":263,"column":6},"end":{"line":263,"column":6}}]},"40":{"line":224,"type":"if","locations":[{"start":{"line":266,"column":8},"end":{"line":266,"column":8}},{"start":{"line":266,"column":8},"end":{"line":266,"column":8}}]},"41":{"line":228,"type":"if","locations":[{"start":{"line":270,"column":8},"end":{"line":270,"column":8}},{"start":{"line":270,"column":8},"end":{"line":270,"column":8}}]},"42":{"line":245,"type":"cond-expr","locations":[{"start":{"line":288,"column":12},"end":{"line":287,"column":33}},{"start":{"line":289,"column":12},"end":{"line":287,"column":8}}]},"43":{"line":247,"type":"if","locations":[{"start":{"line":291,"column":8},"end":{"line":291,"column":8}},{"start":{"line":291,"column":8},"end":{"line":291,"column":8}}]},"44":{"line":408,"type":"if","locations":[{"start":{"line":460,"column":2},"end":{"line":460,"column":2}},{"start":{"line":460,"column":2},"end":{"line":460,"column":2}}]},"45":{"line":411,"type":"if","locations":[{"start":{"line":463,"column":2},"end":{"line":463,"column":2}},{"start":{"line":463,"column":2},"end":{"line":463,"column":2}}]},"46":{"line":414,"type":"if","locations":[{"start":{"line":466,"column":2},"end":{"line":466,"column":2}},{"start":{"line":466,"column":2},"end":{"line":466,"column":2}}]},"47":{"line":414,"type":"binary-expr","locations":[{"start":{"line":466,"column":6},"end":{"line":466,"column":6}},{"start":{"line":466,"column":24},"end":{"line":466,"column":2}}]},"48":{"line":423,"type":"if","locations":[{"start":{"line":482,"column":0},"end":{"line":482,"column":0}},{"start":{"line":482,"column":0},"end":{"line":482,"column":0}}]}}},"/Users/ed/workspace/my/redux-tide/src/config.js":{"path":"/Users/ed/workspace/my/redux-tide/src/config.js","s":{"1":1,"2":1,"3":1,"4":1,"5":1,"6":1,"7":1,"8":1,"9":1,"10":1,"11":0,"12":1,"13":0},"b":{},"f":{"1":0,"2":0},"fnMap":{"1":{"name":"setDefaultResponseMapper","line":96,"loc":{"start":{"line":91,"column":40},"end":{"line":91,"column":52}}},"2":{"name":"setDenormalize","line":100,"loc":{"start":{"line":95,"column":30},"end":{"line":95,"column":45}}}},"statementMap":{"1":{"start":{"line":0,"column":0},"end":{"line":0,"column":0},"skip":true},"2":{"start":{"line":10,"column":7},"end":{"line":10,"column":7}},"3":{"start":{"line":18,"column":7},"end":{"line":18,"column":7}},"4":{"start":{"line":27,"column":7},"end":{"line":27,"column":7}},"5":{"start":{"line":36,"column":7},"end":{"line":36,"column":7}},"6":{"start":{"line":45,"column":7},"end":{"line":45,"column":7}},"7":{"start":{"line":54,"column":7},"end":{"line":54,"column":7}},"8":{"start":{"line":63,"column":7},"end":{"line":63,"column":7}},"9":{"start":{"line":72,"column":7},"end":{"line":72,"column":7}},"10":{"start":{"line":91,"column":7},"end":{"line":91,"column":7}},"11":{"start":{"line":92,"column":2},"end":{"line":92,"column":2}},"12":{"start":{"line":95,"column":7},"end":{"line":95,"column":7}},"13":{"start":{"line":96,"column":2},"end":{"line":96,"column":2}}},"branchMap":{}},"/Users/ed/workspace/my/redux-tide/src/helper.js":{"path":"/Users/ed/workspace/my/redux-tide/src/helper.js","s":{"1":1,"2":1,"3":4,"4":0,"5":1,"6":1,"7":1,"8":1,"9":1,"10":9,"11":9,"12":1,"13":1,"14":4,"15":4,"16":1,"17":3,"18":1,"19":2,"20":1,"21":1,"22":1,"23":1,"24":1,"25":0,"26":1,"27":0,"28":1,"29":0},"b":{"1":[1,0],"2":[1,1],"3":[0,0],"4":[0,0,0,0],"5":[0,4],"6":[1,3],"7":[4,3],"8":[1,2],"9":[1,1],"10":[1,0],"11":[1,0],"12":[0,0]},"f":{"1":4,"2":0,"3":1,"4":0,"5":9,"6":4,"7":0,"8":0,"9":0},"fnMap":{"1":{"name":"(anonymous_1)","line":7,"loc":{"start":{"line":0,"column":0},"end":{"line":0,"column":0},"skip":true},"skip":true},"2":{"name":"(anonymous_2)","line":7,"loc":{"start":{"line":0,"column":0},"end":{"line":0,"column":0},"skip":true},"skip":true},"3":{"name":"(anonymous_3)","line":17,"loc":{"start":{"line":9,"column":27},"end":{"line":9,"column":33}}},"4":{"name":"uniq","line":18,"loc":{"start":{"line":10,"column":15},"end":{"line":10,"column":21}}},"5":{"name":"(anonymous_5)","line":19,"loc":{"start":{"line":11,"column":33},"end":{"line":11,"column":39}}},"6":{"name":"parseError","line":26,"loc":{"start":{"line":18,"column":26},"end":{"line":18,"column":33}}},"7":{"name":"denormalize","line":44,"loc":{"start":{"line":36,"column":27},"end":{"line":36,"column":56}}},"8":{"name":"_defaultResponseMapper","line":58,"loc":{"start":{"line":50,"column":31},"end":{"line":50,"column":39}}},"9":{"name":"getDefaultResponseMapper","line":62,"loc":{"start":{"line":54,"column":40},"end":{"line":54,"column":46}}}},"statementMap":{"1":{"start":{"line":0,"column":0},"end":{"line":0,"column":0},"skip":true},"2":{"start":{"line":0,"column":0},"end":{"line":0,"column":0},"skip":true},"3":{"start":{"line":0,"column":0},"end":{"line":0,"column":0},"skip":true},"4":{"start":{"line":0,"column":0},"end":{"line":0,"column":0},"skip":true},"5":{"start":{"line":5,"column":0},"end":{"line":5,"column":0}},"6":{"start":{"line":7,"column":0},"end":{"line":7,"column":0}},"7":{"start":{"line":9,"column":7},"end":{"line":9,"column":7}},"8":{"start":{"line":10,"column":2},"end":{"line":10,"column":2}},"9":{"start":{"line":11,"column":2},"end":{"line":11,"column":2}},"10":{"start":{"line":12,"column":4},"end":{"line":12,"column":4}},"11":{"start":{"line":13,"column":4},"end":{"line":13,"column":4}},"12":{"start":{"line":15,"column":2},"end":{"line":15,"column":2}},"13":{"start":{"line":18,"column":7},"end":{"line":18,"column":7}},"14":{"start":{"line":19,"column":2},"end":{"line":19,"column":2}},"15":{"start":{"line":21,"column":2},"end":{"line":23,"column":3}},"16":{"start":{"line":22,"column":4},"end":{"line":22,"column":4}},"17":{"start":{"line":24,"column":2},"end":{"line":26,"column":3}},"18":{"start":{"line":25,"column":4},"end":{"line":25,"column":4}},"19":{"start":{"line":27,"column":2},"end":{"line":32,"column":3}},"20":{"start":{"line":28,"column":4},"end":{"line":30,"column":5}},"21":{"start":{"line":29,"column":6},"end":{"line":29,"column":6}},"22":{"start":{"line":31,"column":4},"end":{"line":31,"column":4}},"23":{"start":{"line":33,"column":2},"end":{"line":33,"column":2}},"24":{"start":{"line":36,"column":7},"end":{"line":36,"column":7}},"25":{"start":{"line":37,"column":2},"end":{"line":37,"column":2}},"26":{"start":{"line":50,"column":0},"end":{"line":50,"column":0}},"27":{"start":{"line":51,"column":2},"end":{"line":51,"column":2}},"28":{"start":{"line":54,"column":7},"end":{"line":54,"column":7}},"29":{"start":{"line":55,"column":2},"end":{"line":55,"column":2}}},"branchMap":{"1":{"line":7,"type":"cond-expr","locations":[{"start":{"line":0,"column":0},"end":{"line":0,"column":0},"skip":true},{"start":{"line":0,"column":0},"end":{"line":0,"column":0},"skip":true}]},"2":{"line":7,"type":"binary-expr","locations":[{"start":{"line":0,"column":0},"end":{"line":0,"column":0},"skip":true},{"start":{"line":0,"column":0},"end":{"line":0,"column":0},"skip":true}]},"3":{"line":7,"type":"cond-expr","locations":[{"start":{"line":0,"column":0},"end":{"line":0,"column":0},"skip":true},{"start":{"line":0,"column":0},"end":{"line":0,"column":0},"skip":true}]},"4":{"line":7,"type":"binary-expr","locations":[{"start":{"line":0,"column":0},"end":{"line":0,"column":0},"skip":true},{"start":{"line":0,"column":0},"end":{"line":0,"column":0},"skip":true},{"start":{"line":0,"column":0},"end":{"line":0,"column":0},"skip":true},{"start":{"line":0,"column":0},"end":{"line":0,"column":0},"skip":true}]},"5":{"line":27,"type":"cond-expr","locations":[{"start":{"line":19,"column":8},"end":{"line":19,"column":8}},{"start":{"line":19,"column":8},"end":{"line":19,"column":2}}]},"6":{"line":29,"type":"if","locations":[{"start":{"line":21,"column":2},"end":{"line":21,"column":2}},{"start":{"line":21,"column":2},"end":{"line":21,"column":2}}]},"7":{"line":29,"type":"binary-expr","locations":[{"start":{"line":21,"column":6},"end":{"line":21,"column":6}},{"start":{"line":21,"column":23},"end":{"line":21,"column":2}}]},"8":{"line":32,"type":"if","locations":[{"start":{"line":24,"column":2},"end":{"line":24,"column":2}},{"start":{"line":24,"column":2},"end":{"line":24,"column":2}}]},"9":{"line":35,"type":"if","locations":[{"start":{"line":27,"column":2},"end":{"line":27,"column":2}},{"start":{"line":27,"column":2},"end":{"line":27,"column":2}}]},"10":{"line":36,"type":"if","locations":[{"start":{"line":28,"column":4},"end":{"line":28,"column":4}},{"start":{"line":28,"column":4},"end":{"line":28,"column":4}}]},"11":{"line":39,"type":"binary-expr","locations":[{"start":{"line":31,"column":11},"end":{"line":31,"column":11}},{"start":{"line":31,"column":26},"end":{"line":31,"column":4}}]},"12":{"line":63,"type":"binary-expr","locations":[{"start":{"line":55,"column":9},"end":{"line":55,"column":9}},{"start":{"line":55,"column":53},"end":{"line":55,"column":2}}]}}},"/Users/ed/workspace/my/redux-tide/src/selector.js":{"path":"/Users/ed/workspace/my/redux-tide/src/selector.js","s":{"1":1,"2":1,"3":1,"4":1,"5":1,"6":1,"7":1,"8":0,"9":0,"10":0,"11":0,"12":0,"13":0,"14":0,"15":0,"16":0,"17":0,"18":0,"19":0,"20":0,"21":0,"22":0,"23":0,"24":0,"25":0,"26":0,"27":0,"28":0,"29":0,"30":0,"31":0,"32":0,"33":0,"34":0,"35":1,"36":0,"37":0,"38":0,"39":0,"40":0,"41":0,"42":1,"43":0,"44":1,"45":4,"46":1,"47":1,"48":1,"49":1,"50":1,"51":1,"52":1,"53":1,"54":1,"55":1,"56":0,"57":1,"58":1,"59":1},"b":{"1":[0,0],"2":[0,0],"3":[0,0],"4":[0,0],"5":[0,0],"6":[0,0],"7":[0,0],"8":[0,0],"9":[0,0],"10":[0,0,0,0],"11":[0,0],"12":[0,0],"13":[0,0],"14":[0,0],"15":[1,0]},"f":{"1":0,"2":0,"3":0,"4":0,"5":0,"6":0,"7":0,"8":0,"9":0,"10":0,"11":0,"12":0,"13":4,"14":1,"15":1,"16":1,"17":1,"18":1,"19":1,"20":0},"fnMap":{"1":{"name":"_makeGetActionData","line":24,"loc":{"start":{"line":21,"column":27},"end":{"line":26,"column":5}}},"2":{"name":"(anonymous_2)","line":25,"loc":{"start":{"line":29,"column":6},"end":{"line":29,"column":6}}},"3":{"name":"(anonymous_3)","line":27,"loc":{"start":{"line":30,"column":6},"end":{"line":30,"column":6}}},"4":{"name":"(anonymous_4)","line":29,"loc":{"start":{"line":31,"column":6},"end":{"line":31,"column":6}}},"5":{"name":"(anonymous_5)","line":31,"loc":{"start":{"line":33,"column":4},"end":{"line":33,"column":44}}},"6":{"name":"(anonymous_6)","line":65,"loc":{"start":{"line":83,"column":35},"end":{"line":83,"column":35}}},"7":{"name":"(anonymous_7)","line":68,"loc":{"start":{"line":84,"column":41},"end":{"line":84,"column":41}}},"8":{"name":"(anonymous_8)","line":72,"loc":{"start":{"line":86,"column":32},"end":{"line":86,"column":32}}},"9":{"name":"(anonymous_9)","line":75,"loc":{"start":{"line":87,"column":38},"end":{"line":87,"column":38}}},"10":{"name":"getActionData","line":89,"loc":{"start":{"line":100,"column":29},"end":{"line":100,"column":39}}},"11":{"name":"(anonymous_11)","line":94,"loc":{"start":{"line":105,"column":9},"end":{"line":105,"column":27}}},"12":{"name":"getActionsReducer","line":100,"loc":{"start":{"line":116,"column":33},"end":{"line":116,"column":33}}},"13":{"name":"getEntityReducer","line":104,"loc":{"start":{"line":118,"column":32},"end":{"line":118,"column":32}}},"14":{"name":"getEntityItemsBySchema","line":108,"loc":{"start":{"line":120,"column":38},"end":{"line":120,"column":54}}},"15":{"name":"(anonymous_15)","line":109,"loc":{"start":{"line":121,"column":44},"end":{"line":121,"column":56}}},"16":{"name":"getEntityItemsByAction","line":114,"loc":{"start":{"line":126,"column":38},"end":{"line":126,"column":48}}},"17":{"name":"(anonymous_17)","line":115,"loc":{"start":{"line":127,"column":44},"end":{"line":127,"column":56}}},"18":{"name":"getEntityItemsByEntityName","line":120,"loc":{"start":{"line":132,"column":42},"end":{"line":132,"column":50}}},"19":{"name":"(anonymous_19)","line":121,"loc":{"start":{"line":133,"column":44},"end":{"line":133,"column":56}}},"20":{"name":"denomalizeEntityItemById","line":126,"loc":{"start":{"line":138,"column":40},"end":{"line":138,"column":66}}}},"statementMap":{"1":{"start":{"line":0,"column":0},"end":{"line":0,"column":0},"skip":true},"2":{"start":{"line":0,"column":0},"end":{"line":0,"column":0},"skip":true},"3":{"start":{"line":5,"column":0},"end":{"line":5,"column":0}},"4":{"start":{"line":6,"column":0},"end":{"line":6,"column":0}},"5":{"start":{"line":7,"column":0},"end":{"line":7,"column":0}},"6":{"start":{"line":0,"column":0},"end":{"line":0,"column":0},"skip":true},"7":{"start":{"line":21,"column":0},"end":{"line":21,"column":0}},"8":{"start":{"line":27,"column":2},"end":{"line":27,"column":2}},"9":{"start":{"line":29,"column":6},"end":{"line":29,"column":6}},"10":{"start":{"line":30,"column":6},"end":{"line":30,"column":6}},"11":{"start":{"line":31,"column":6},"end":{"line":31,"column":6}},"12":{"start":{"line":34,"column":6},"end":{"line":34,"column":6}},"13":{"start":{"line":36,"column":6},"end":{"line":38,"column":7}},"14":{"start":{"line":37,"column":8},"end":{"line":37,"column":8}},"15":{"start":{"line":40,"column":6},"end":{"line":40,"column":6}},"16":{"start":{"line":50,"column":6},"end":{"line":50,"column":6}},"17":{"start":{"line":51,"column":6},"end":{"line":51,"column":6}},"18":{"start":{"line":53,"column":6},"end":{"line":53,"column":6}},"19":{"start":{"line":58,"column":6},"end":{"line":58,"column":6}},"20":{"start":{"line":64,"column":6},"end":{"line":69,"column":7}},"21":{"start":{"line":65,"column":8},"end":{"line":65,"column":8}},"22":{"start":{"line":71,"column":6},"end":{"line":93,"column":7}},"23":{"start":{"line":76,"column":8},"end":{"line":76,"column":8}},"24":{"start":{"line":79,"column":8},"end":{"line":79,"column":8}},"25":{"start":{"line":83,"column":8},"end":{"line":75,"column":8}},"26":{"start":{"line":83,"column":35},"end":{"line":83,"column":35}},"27":{"start":{"line":84,"column":8},"end":{"line":75,"column":8}},"28":{"start":{"line":84,"column":41},"end":{"line":84,"column":41}},"29":{"start":{"line":86,"column":8},"end":{"line":86,"column":8}},"30":{"start":{"line":86,"column":32},"end":{"line":86,"column":32}},"31":{"start":{"line":87,"column":8},"end":{"line":87,"column":8}},"32":{"start":{"line":87,"column":38},"end":{"line":87,"column":38}},"33":{"start":{"line":89,"column":8},"end":{"line":89,"column":8}},"34":{"start":{"line":95,"column":6},"end":{"line":95,"column":6}},"35":{"start":{"line":100,"column":7},"end":{"line":100,"column":7}},"36":{"start":{"line":101,"column":2},"end":{"line":101,"column":2}},"37":{"start":{"line":102,"column":2},"end":{"line":102,"column":2}},"38":{"start":{"line":103,"column":2},"end":{"line":103,"column":2}},"39":{"start":{"line":105,"column":2},"end":{"line":105,"column":2}},"40":{"start":{"line":106,"column":4},"end":{"line":106,"column":4}},"41":{"start":{"line":112,"column":4},"end":{"line":112,"column":4}},"42":{"start":{"line":116,"column":7},"end":{"line":116,"column":7}},"43":{"start":{"line":116,"column":33},"end":{"line":116,"column":33}},"44":{"start":{"line":118,"column":7},"end":{"line":118,"column":7}},"45":{"start":{"line":118,"column":32},"end":{"line":118,"column":32}},"46":{"start":{"line":120,"column":7},"end":{"line":120,"column":7}},"47":{"start":{"line":121,"column":2},"end":{"line":121,"column":2}},"48":{"start":{"line":122,"column":4},"end":{"line":122,"column":4}},"49":{"start":{"line":126,"column":7},"end":{"line":126,"column":7}},"50":{"start":{"line":127,"column":2},"end":{"line":127,"column":2}},"51":{"start":{"line":128,"column":4},"end":{"line":128,"column":4}},"52":{"start":{"line":132,"column":7},"end":{"line":132,"column":7}},"53":{"start":{"line":133,"column":2},"end":{"line":133,"column":2}},"54":{"start":{"line":134,"column":4},"end":{"line":134,"column":4}},"55":{"start":{"line":138,"column":7},"end":{"line":138,"column":7}},"56":{"start":{"line":139,"column":2},"end":{"line":139,"column":2}},"57":{"start":{"line":142,"column":0},"end":{"line":145,"column":1}},"58":{"start":{"line":143,"column":2},"end":{"line":143,"column":2}},"59":{"start":{"line":144,"column":2},"end":{"line":144,"column":2}}},"branchMap":{"1":{"line":34,"type":"if","locations":[{"start":{"line":36,"column":6},"end":{"line":36,"column":6}},{"start":{"line":36,"column":6},"end":{"line":36,"column":6}}]},"2":{"line":51,"type":"cond-expr","locations":[{"start":{"line":54,"column":10},"end":{"line":53,"column":31}},{"start":{"line":55,"column":10},"end":{"line":53,"column":6}}]},"3":{"line":51,"type":"cond-expr","locations":[{"start":{"line":56,"column":12},"end":{"line":55,"column":10}},{"start":{"line":57,"column":12},"end":{"line":53,"column":6}}]},"4":{"line":52,"type":"cond-expr","locations":[{"start":{"line":59,"column":10},"end":{"line":58,"column":35}},{"start":{"line":60,"column":10},"end":{"line":58,"column":6}}]},"5":{"line":52,"type":"cond-expr","locations":[{"start":{"line":61,"column":12},"end":{"line":60,"column":10}},{"start":{"line":62,"column":12},"end":{"line":58,"column":6}}]},"6":{"line":54,"type":"if","locations":[{"start":{"line":64,"column":6},"end":{"line":64,"column":6}},{"start":{"line":64,"column":6},"end":{"line":64,"column":6}}]},"7":{"line":56,"type":"cond-expr","locations":[{"start":{"line":66,"column":42},"end":{"line":66,"column":19}},{"start":{"line":66,"column":47},"end":{"line":65,"column":39}}]},"8":{"line":57,"type":"cond-expr","locations":[{"start":{"line":67,"column":46},"end":{"line":67,"column":23}},{"start":{"line":67,"column":51},"end":{"line":67,"column":51}}]},"9":{"line":61,"type":"if","locations":[{"start":{"line":71,"column":6},"end":{"line":71,"column":6}},{"start":{"line":71,"column":6},"end":{"line":71,"column":6}}]},"10":{"line":61,"type":"binary-expr","locations":[{"start":{"line":72,"column":8},"end":{"line":72,"column":8}},{"start":{"line":73,"column":8},"end":{"line":72,"column":8}},{"start":{"line":74,"column":9},"end":{"line":74,"column":9}},{"start":{"line":74,"column":33},"end":{"line":72,"column":8}}]},"11":{"line":62,"type":"cond-expr","locations":[{"start":{"line":77,"column":12},"end":{"line":76,"column":23}},{"start":{"line":78,"column":12},"end":{"line":76,"column":8}}]},"12":{"line":63,"type":"cond-expr","locations":[{"start":{"line":80,"column":12},"end":{"line":79,"column":26}},{"start":{"line":81,"column":12},"end":{"line":79,"column":8}}]},"13":{"line":80,"type":"cond-expr","locations":[{"start":{"line":90,"column":42},"end":{"line":90,"column":19}},{"start":{"line":90,"column":56},"end":{"line":89,"column":39}}]},"14":{"line":81,"type":"cond-expr","locations":[{"start":{"line":91,"column":46},"end":{"line":91,"column":23}},{"start":{"line":91,"column":57},"end":{"line":91,"column":57}}]},"15":{"line":130,"type":"if","locations":[{"start":{"line":142,"column":0},"end":{"line":142,"column":0}},{"start":{"line":142,"column":0},"end":{"line":142,"column":0}}]}}}}