TN:
SF:/Users/ed/workspace/my/redux-tide/src/action.js
FN:8,(anonymous_1)
FN:8,sliceIterator
FN:8,(anonymous_3)
FN:25,makeActionUniqId
FN:29,getHandlerErrorText
FN:39,getHandlerActionDataKey
FN:46,getHandlerPayload
FN:48,(anonymous_8)
FN:66,makeActionHandler
FN:74,(anonymous_10)
FN:141,makeResultCallback
FN:142,(anonymous_12)
FN:158,makeQueryBuilder
FN:163,(anonymous_14)
FN:165,(anonymous_15)
FN:178,makeCallActionMethod
FN:179,(anonymous_17)
FN:185,(anonymous_18)
FN:187,(anonymous_19)
FN:200,(anonymous_20)
FN:202,(anonymous_21)
FN:212,actionCopyWrapper
FN:213,(anonymous_23)
FN:242,makeAction
FN:260,(anonymous_25)
FN:267,(anonymous_26)
FN:279,(anonymous_27)
FN:286,(anonymous_28)
FN:288,(anonymous_29)
FN:305,(anonymous_30)
FN:316,(anonymous_31)
FN:325,(anonymous_32)
FN:334,(anonymous_33)
FN:343,(anonymous_34)
FN:352,(anonymous_35)
FN:365,(anonymous_36)
FN:380,(anonymous_37)
FN:381,(anonymous_38)
FN:469,createAction
FNF:39
FNH:29
FNDA:1,(anonymous_1)
FNDA:0,sliceIterator
FNDA:3,(anonymous_3)
FNDA:17,makeActionUniqId
FNDA:6,getHandlerErrorText
FNDA:6,getHandlerActionDataKey
FNDA:6,getHandlerPayload
FNDA:0,(anonymous_8)
FNDA:12,makeActionHandler
FNDA:6,(anonymous_10)
FNDA:3,makeResultCallback
FNDA:2,(anonymous_12)
FNDA:2,makeQueryBuilder
FNDA:0,(anonymous_14)
FNDA:0,(anonymous_15)
FNDA:3,makeCallActionMethod
FNDA:2,(anonymous_17)
FNDA:1,(anonymous_18)
FNDA:0,(anonymous_19)
FNDA:0,(anonymous_20)
FNDA:0,(anonymous_21)
FNDA:3,actionCopyWrapper
FNDA:3,(anonymous_23)
FNDA:14,makeAction
FNDA:3,(anonymous_25)
FNDA:9,(anonymous_26)
FNDA:2,(anonymous_27)
FNDA:0,(anonymous_28)
FNDA:0,(anonymous_29)
FNDA:15,(anonymous_30)
FNDA:1,(anonymous_31)
FNDA:1,(anonymous_32)
FNDA:2,(anonymous_33)
FNDA:1,(anonymous_34)
FNDA:2,(anonymous_35)
FNDA:1,(anonymous_36)
FNDA:0,(anonymous_37)
FNDA:0,(anonymous_38)
FNDA:16,createAction
DA:0,3
DA:5,1
DA:14,1
DA:25,1
DA:26,17
DA:29,1
DA:30,6
DA:31,1
DA:33,5
DA:34,2
DA:36,3
DA:39,1
DA:40,6
DA:41,1
DA:43,5
DA:46,1
DA:53,6
DA:54,1
DA:55,0
DA:58,5
DA:72,1
DA:86,12
DA:87,6
DA:88,1
DA:89,1
DA:93,6
DA:96,6
DA:99,6
DA:102,6
DA:109,6
DA:112,6
DA:115,6
DA:142,6
DA:163,1
DA:164,3
DA:165,2
DA:166,2
DA:168,2
DA:169,0
DA:172,2
DA:174,0
DA:175,0
DA:180,1
DA:181,2
DA:182,2
DA:184,2
DA:185,0
DA:188,0
DA:191,0
DA:195,2
DA:196,1
DA:197,1
DA:200,1
DA:203,1
DA:204,3
DA:205,2
DA:207,2
DA:209,2
DA:210,1
DA:211,1
DA:212,0
DA:215,1
DA:216,0
DA:218,0
DA:219,0
DA:222,0
DA:223,0
DA:224,0
DA:225,0
DA:229,1
DA:233,1
DA:240,3
DA:241,3
DA:243,2
DA:244,1
DA:247,1
DA:248,1
DA:250,1
DA:276,1
DA:283,14
DA:292,14
DA:293,14
DA:294,14
DA:295,14
DA:296,14
DA:297,14
DA:299,14
DA:300,3
DA:302,9
DA:312,3
DA:317,3
DA:320,3
DA:321,2
DA:323,2
DA:324,2
DA:328,2
DA:329,0
DA:330,0
DA:334,0
DA:338,2
DA:340,0
DA:350,14
DA:351,15
DA:361,14
DA:362,1
DA:370,14
DA:371,1
DA:379,14
DA:380,2
DA:388,14
DA:389,1
DA:402,14
DA:403,2
DA:417,14
DA:418,1
DA:438,14
DA:439,0
DA:440,0
DA:473,14
DA:527,1
DA:533,16
DA:534,1
DA:536,15
DA:537,1
DA:539,14
DA:540,1
DA:543,13
DA:545,13
DA:555,1
DA:556,1
DA:557,1
DA:558,1
LF:132
LH:111
BRDA:8,1,0,0
BRDA:8,1,1,0
BRDA:8,2,0,0
BRDA:8,2,1,0
BRDA:8,3,0,0
BRDA:8,3,1,0
BRDA:8,4,0,0
BRDA:8,4,1,0
BRDA:8,5,0,0
BRDA:8,5,1,0
BRDA:8,6,0,3
BRDA:8,6,1,0
BRDA:8,7,0,0
BRDA:8,7,1,0
BRDA:30,8,0,1
BRDA:30,8,1,5
BRDA:30,9,0,6
BRDA:30,9,1,4
BRDA:33,10,0,2
BRDA:33,10,1,3
BRDA:33,11,0,5
BRDA:33,11,1,3
BRDA:36,12,0,3
BRDA:36,12,1,3
BRDA:40,13,0,1
BRDA:40,13,1,5
BRDA:40,14,0,6
BRDA:40,14,1,4
BRDA:41,15,0,0
BRDA:41,15,1,1
BRDA:47,16,0,1
BRDA:47,16,1,5
BRDA:47,17,0,6
BRDA:47,17,1,1
BRDA:47,17,2,1
BRDA:48,18,0,0
BRDA:48,18,1,1
BRDA:75,19,0,1
BRDA:75,19,1,5
BRDA:75,20,0,6
BRDA:75,20,1,2
BRDA:146,21,0,0
BRDA:146,21,1,2
BRDA:152,22,0,0
BRDA:152,22,1,0
BRDA:160,23,0,1
BRDA:160,23,1,1
BRDA:162,24,0,0
BRDA:162,24,1,2
BRDA:170,25,0,1
BRDA:170,25,1,1
BRDA:180,26,0,1
BRDA:180,26,1,1
BRDA:184,27,0,1
BRDA:184,27,1,1
BRDA:192,28,0,0
BRDA:192,28,1,1
BRDA:195,29,0,0
BRDA:195,29,1,0
BRDA:199,30,0,0
BRDA:199,30,1,0
BRDA:216,31,0,1
BRDA:216,31,1,1
BRDA:265,32,0,3
BRDA:265,32,1,3
BRDA:283,33,0,1
BRDA:283,33,1,1
BRDA:285,34,0,0
BRDA:285,34,1,2
BRDA:470,35,0,1
BRDA:470,35,1,15
BRDA:473,36,0,1
BRDA:473,36,1,14
BRDA:476,37,0,1
BRDA:476,37,1,13
BRDA:476,38,0,14
BRDA:476,38,1,1
BRDA:485,39,0,1
BRDA:485,39,1,0
BRF:79
BRH:66
end_of_record
TN:
SF:/Users/ed/workspace/my/redux-tide/src/config.js
FN:105,setDefaultResponseMapper
FN:109,setDenormalize
FNF:2
FNH:2
FNDA:1,setDefaultResponseMapper
FNDA:1,setDenormalize
DA:0,1
DA:10,1
DA:18,1
DA:27,1
DA:36,1
DA:45,1
DA:54,1
DA:63,1
DA:72,1
DA:81,1
DA:100,1
DA:101,1
DA:104,1
DA:105,1
DA:108,1
DA:109,1
LF:16
LH:16
BRDA:113,1,0,1
BRDA:113,1,1,0
BRF:2
BRH:1
end_of_record
TN:
SF:/Users/ed/workspace/my/redux-tide/src/helper.js
FN:7,(anonymous_1)
FN:7,(anonymous_2)
FN:17,(anonymous_3)
FN:18,uniq
FN:19,(anonymous_5)
FN:26,parseError
FN:44,denormalize
FN:58,_defaultResponseMapper
FN:62,getDefaultResponseMapper
FNF:9
FNH:8
FNDA:6,(anonymous_1)
FNDA:0,(anonymous_2)
FNDA:1,(anonymous_3)
FNDA:0,uniq
FNDA:21,(anonymous_5)
FNDA:6,parseError
FNDA:1,denormalize
FNDA:1,_defaultResponseMapper
FNDA:3,getDefaultResponseMapper
DA:0,6
DA:5,1
DA:7,1
DA:9,1
DA:10,1
DA:11,1
DA:12,21
DA:13,21
DA:15,1
DA:18,1
DA:19,6
DA:21,6
DA:22,3
DA:24,3
DA:25,1
DA:27,2
DA:28,1
DA:29,0
DA:31,1
DA:33,1
DA:36,1
DA:37,1
DA:50,1
DA:51,1
DA:54,1
DA:55,3
LF:26
LH:25
BRDA:7,1,0,1
BRDA:7,1,1,0
BRDA:7,2,0,1
BRDA:7,2,1,1
BRDA:7,3,0,0
BRDA:7,3,1,0
BRDA:7,4,0,0
BRDA:7,4,1,0
BRDA:7,4,2,0
BRDA:7,4,3,0
BRDA:27,5,0,0
BRDA:27,5,1,6
BRDA:29,6,0,3
BRDA:29,6,1,3
BRDA:29,7,0,6
BRDA:29,7,1,3
BRDA:32,8,0,1
BRDA:32,8,1,2
BRDA:35,9,0,1
BRDA:35,9,1,1
BRDA:36,10,0,0
BRDA:36,10,1,1
BRDA:36,11,0,1
BRDA:36,11,1,1
BRDA:39,12,0,1
BRDA:39,12,1,0
BRDA:63,13,0,3
BRDA:63,13,1,2
BRF:28
BRH:25
end_of_record
TN:
SF:/Users/ed/workspace/my/redux-tide/src/selector.js
FN:24,deepCopy
FN:28,makeDefaultActionData
FN:32,getPayloadIds
FN:46,makeActionDenormalizedPayload
FN:51,(anonymous_5)
FN:53,(anonymous_6)
FN:59,makeActionDenormalizedPayloads
FN:80,_makeGetActionData
FN:81,(anonymous_9)
FN:83,(anonymous_10)
FN:85,(anonymous_11)
FN:87,(anonymous_12)
FN:108,getActionData
FN:113,(anonymous_14)
FN:119,getMergedActionsData
FN:124,(anonymous_16)
FN:126,(anonymous_17)
FN:131,(anonymous_18)
FN:135,(anonymous_19)
FN:141,getActionsReducer
FN:145,getEntityReducer
FN:149,getEntityItemsBySchema
FN:150,(anonymous_23)
FN:155,getEntityItemsByAction
FN:156,(anonymous_25)
FN:161,getEntityItemsByEntityName
FN:162,(anonymous_27)
FN:167,denomalizeEntityItemById
FNF:28
FNH:21
FNDA:1,deepCopy
FNDA:1,makeDefaultActionData
FNDA:2,getPayloadIds
FNDA:2,makeActionDenormalizedPayload
FNDA:1,(anonymous_5)
FNDA:1,(anonymous_6)
FNDA:1,makeActionDenormalizedPayloads
FNDA:1,_makeGetActionData
FNDA:1,(anonymous_9)
FNDA:1,(anonymous_10)
FNDA:1,(anonymous_11)
FNDA:1,(anonymous_12)
FNDA:1,getActionData
FNDA:1,(anonymous_14)
FNDA:0,getMergedActionsData
FNDA:0,(anonymous_16)
FNDA:0,(anonymous_17)
FNDA:0,(anonymous_18)
FNDA:0,(anonymous_19)
FNDA:0,getActionsReducer
FNDA:4,getEntityReducer
FNDA:1,getEntityItemsBySchema
FNDA:1,(anonymous_23)
FNDA:1,getEntityItemsByAction
FNDA:1,(anonymous_25)
FNDA:1,getEntityItemsByEntityName
FNDA:1,(anonymous_27)
FNDA:0,denomalizeEntityItemById
DA:0,1
DA:5,1
DA:6,1
DA:7,1
DA:21,1
DA:22,1
DA:25,1
DA:26,1
DA:29,1
DA:30,2
DA:31,0
DA:34,2
DA:36,2
DA:37,1
DA:40,1
DA:43,1
DA:49,2
DA:50,1
DA:53,1
DA:54,1
DA:55,1
DA:56,1
DA:59,1
DA:68,1
DA:69,0
DA:72,1
DA:73,0
DA:79,1
DA:84,1
DA:91,1
DA:107,1
DA:108,1
DA:110,1
DA:111,1
DA:112,1
DA:115,1
DA:116,0
DA:119,1
DA:120,1
DA:121,1
DA:123,1
DA:148,1
DA:149,1
DA:150,1
DA:151,1
DA:153,1
DA:154,1
DA:160,1
DA:164,1
DA:165,0
DA:166,0
DA:167,0
DA:168,0
DA:170,0
DA:171,0
DA:177,1
DA:179,4
DA:181,1
DA:182,1
DA:183,1
DA:187,1
DA:188,1
DA:189,1
DA:193,1
DA:194,1
DA:195,1
DA:199,1
DA:200,0
DA:203,1
DA:204,1
DA:205,1
LF:71
LH:60
BRDA:33,1,0,0
BRDA:33,1,1,2
BRDA:37,2,0,2
BRDA:37,2,1,1
BRDA:39,3,0,1
BRDA:39,3,1,1
BRDA:43,4,0,0
BRDA:43,4,1,1
BRDA:47,5,0,1
BRDA:47,5,1,1
BRDA:56,6,0,0
BRDA:56,6,1,1
BRDA:60,7,0,0
BRDA:60,7,1,1
BRDA:64,8,0,0
BRDA:64,8,1,1
BRDA:66,9,0,0
BRDA:66,9,1,0
BRDA:67,10,0,0
BRDA:67,10,1,0
BRDA:88,11,0,0
BRDA:88,11,1,1
BRDA:171,12,0,1
BRDA:171,12,1,0
BRF:24
BRH:13
end_of_record
