TN:
SF:/Users/ed/workspace/my/redux-tide/src/action.js
FN:8,(anonymous_1)
FN:8,(anonymous_2)
FN:10,(anonymous_3)
FN:10,sliceIterator
FN:10,(anonymous_5)
FN:29,_makeActionUniqId
FN:45,_makeActionHandler
FN:53,(anonymous_8)
FN:78,(anonymous_9)
FN:139,_makeAction
FN:140,_makeWithId
FN:161,Action
FN:167,(anonymous_13)
FN:175,actionResultCallback
FN:187,_makeQueryBuilder
FN:195,(anonymous_16)
FN:197,(anonymous_17)
FN:208,_callActionMethod
FN:214,(anonymous_19)
FN:216,(anonymous_20)
FN:229,(anonymous_21)
FN:231,(anonymous_22)
FN:241,(anonymous_23)
FN:248,(anonymous_24)
FN:250,(anonymous_25)
FN:267,(anonymous_26)
FN:278,(anonymous_27)
FN:287,(anonymous_28)
FN:296,(anonymous_29)
FN:305,(anonymous_30)
FN:314,(anonymous_31)
FN:327,(anonymous_32)
FN:342,(anonymous_33)
FN:343,(anonymous_34)
FN:407,createAction
FNF:35
FNH:11
FNDA:0,(anonymous_1)
FNDA:0,(anonymous_2)
FNDA:1,(anonymous_3)
FNDA:0,sliceIterator
FNDA:0,(anonymous_5)
FNDA:5,_makeActionUniqId
FNDA:3,_makeActionHandler
FNDA:2,(anonymous_8)
FNDA:0,(anonymous_9)
FNDA:3,_makeAction
FNDA:0,_makeWithId
FNDA:0,Action
FNDA:0,(anonymous_13)
FNDA:0,actionResultCallback
FNDA:0,_makeQueryBuilder
FNDA:0,(anonymous_16)
FNDA:0,(anonymous_17)
FNDA:0,_callActionMethod
FNDA:0,(anonymous_19)
FNDA:0,(anonymous_20)
FNDA:0,(anonymous_21)
FNDA:0,(anonymous_22)
FNDA:0,(anonymous_23)
FNDA:0,(anonymous_24)
FNDA:0,(anonymous_25)
FNDA:0,(anonymous_26)
FNDA:0,(anonymous_27)
FNDA:0,(anonymous_28)
FNDA:1,(anonymous_29)
FNDA:0,(anonymous_30)
FNDA:0,(anonymous_31)
FNDA:0,(anonymous_32)
FNDA:0,(anonymous_33)
FNDA:0,(anonymous_34)
FNDA:1,createAction
DA:0,1
DA:5,1
DA:13,1
DA:14,1
DA:25,1
DA:26,5
DA:41,1
DA:55,3
DA:56,2
DA:57,0
DA:58,0
DA:62,2
DA:65,2
DA:73,2
DA:76,2
DA:82,2
DA:85,2
DA:88,2
DA:91,0
DA:115,2
DA:152,1
DA:160,3
DA:161,0
DA:163,0
DA:164,0
DA:167,0
DA:168,0
DA:170,0
DA:188,1
DA:189,0
DA:190,0
DA:192,0
DA:202,0
DA:203,0
DA:204,0
DA:205,0
DA:209,0
DA:213,0
DA:214,0
DA:218,0
DA:219,0
DA:221,0
DA:227,0
DA:230,0
DA:231,0
DA:234,0
DA:237,0
DA:241,0
DA:242,0
DA:246,0
DA:250,0
DA:251,0
DA:253,0
DA:255,0
DA:256,0
DA:257,0
DA:258,0
DA:263,0
DA:264,0
DA:266,0
DA:267,0
DA:270,0
DA:271,0
DA:272,0
DA:273,0
DA:279,0
DA:283,0
DA:284,0
DA:286,0
DA:287,0
DA:291,0
DA:292,0
DA:293,0
DA:297,0
DA:301,0
DA:303,0
DA:313,3
DA:314,0
DA:324,3
DA:325,0
DA:333,3
DA:334,0
DA:342,3
DA:343,1
DA:351,3
DA:352,0
DA:365,3
DA:366,0
DA:374,3
DA:375,0
DA:389,3
DA:390,0
DA:391,0
DA:400,3
DA:454,1
DA:460,1
DA:461,0
DA:463,1
DA:464,0
DA:466,1
DA:467,0
DA:470,1
DA:472,1
DA:482,1
DA:483,1
DA:484,1
DA:485,1
LF:107
LH:40
BRDA:8,1,0,1
BRDA:8,1,1,0
BRDA:8,2,0,1
BRDA:8,2,1,1
BRDA:8,3,0,0
BRDA:8,3,1,0
BRDA:8,4,0,0
BRDA:8,4,1,0
BRDA:8,4,2,0
BRDA:8,4,3,0
BRDA:10,5,0,0
BRDA:10,5,1,0
BRDA:10,6,0,0
BRDA:10,6,1,0
BRDA:10,7,0,0
BRDA:10,7,1,0
BRDA:10,8,0,0
BRDA:10,8,1,0
BRDA:10,9,0,0
BRDA:10,9,1,0
BRDA:10,10,0,0
BRDA:10,10,1,0
BRDA:10,11,0,0
BRDA:10,11,1,0
BRDA:54,12,0,0
BRDA:54,12,1,2
BRDA:54,13,0,2
BRDA:54,13,1,0
BRDA:63,14,0,0
BRDA:63,14,1,2
BRDA:63,15,0,2
BRDA:63,15,1,2
BRDA:63,16,0,2
BRDA:63,16,1,0
BRDA:63,17,0,2
BRDA:63,17,1,2
BRDA:63,18,0,0
BRDA:63,18,1,0
BRDA:69,19,0,0
BRDA:69,19,1,2
BRDA:69,20,0,2
BRDA:69,20,1,2
BRDA:69,21,0,0
BRDA:69,21,1,0
BRDA:78,22,0,0
BRDA:78,22,1,2
BRDA:78,23,0,2
BRDA:78,23,1,2
BRDA:78,23,2,0
BRDA:78,24,0,0
BRDA:78,24,1,0
BRDA:143,25,0,0
BRDA:143,25,1,0
BRDA:165,26,0,0
BRDA:165,26,1,0
BRDA:178,27,0,0
BRDA:178,27,1,0
BRDA:180,28,0,0
BRDA:180,28,1,0
BRDA:182,29,0,0
BRDA:182,29,1,0
BRDA:188,30,0,0
BRDA:188,30,1,0
BRDA:190,31,0,0
BRDA:190,31,1,0
BRDA:190,32,0,0
BRDA:190,32,1,0
BRDA:190,32,2,0
BRDA:190,32,3,0
BRDA:194,33,0,0
BRDA:194,33,1,0
BRDA:195,34,0,0
BRDA:195,34,1,0
BRDA:202,35,0,0
BRDA:202,35,1,0
BRDA:203,36,0,0
BRDA:203,36,1,0
BRDA:209,37,0,0
BRDA:209,37,1,0
BRDA:213,38,0,0
BRDA:213,38,1,0
BRDA:221,39,0,0
BRDA:221,39,1,0
BRDA:224,40,0,0
BRDA:224,40,1,0
BRDA:228,41,0,0
BRDA:228,41,1,0
BRDA:245,42,0,0
BRDA:245,42,1,0
BRDA:247,43,0,0
BRDA:247,43,1,0
BRDA:408,44,0,0
BRDA:408,44,1,1
BRDA:411,45,0,0
BRDA:411,45,1,1
BRDA:414,46,0,0
BRDA:414,46,1,1
BRDA:414,47,0,1
BRDA:414,47,1,0
BRDA:423,48,0,1
BRDA:423,48,1,0
BRF:101
BRH:43
end_of_record
TN:
SF:/Users/ed/workspace/my/redux-tide/src/config.js
FN:96,setDefaultResponseMapper
FN:100,setDenormalize
FNF:2
FNH:0
FNDA:0,setDefaultResponseMapper
FNDA:0,setDenormalize
DA:0,1
DA:10,1
DA:18,1
DA:27,1
DA:36,1
DA:45,1
DA:54,1
DA:63,1
DA:72,1
DA:91,1
DA:92,0
DA:95,1
DA:96,0
LF:13
LH:11
BRF:0
BRH:0
end_of_record
TN:
SF:/Users/ed/workspace/my/redux-tide/src/helper.js
FN:7,(anonymous_1)
FN:7,(anonymous_2)
FN:17,(anonymous_3)
FN:18,uniq
FN:19,(anonymous_5)
FN:26,parseError
FN:44,denormalize
FN:58,_defaultResponseMapper
FN:62,getDefaultResponseMapper
FNF:9
FNH:5
FNDA:4,(anonymous_1)
FNDA:0,(anonymous_2)
FNDA:1,(anonymous_3)
FNDA:0,uniq
FNDA:9,(anonymous_5)
FNDA:4,parseError
FNDA:0,denormalize
FNDA:0,_defaultResponseMapper
FNDA:0,getDefaultResponseMapper
DA:0,4
DA:5,1
DA:7,1
DA:9,1
DA:10,1
DA:11,1
DA:12,9
DA:13,9
DA:15,1
DA:18,1
DA:19,4
DA:21,4
DA:22,1
DA:24,3
DA:25,1
DA:27,2
DA:28,1
DA:29,1
DA:31,1
DA:33,1
DA:36,1
DA:37,0
DA:50,1
DA:51,0
DA:54,1
DA:55,0
LF:26
LH:23
BRDA:7,1,0,1
BRDA:7,1,1,0
BRDA:7,2,0,1
BRDA:7,2,1,1
BRDA:7,3,0,0
BRDA:7,3,1,0
BRDA:7,4,0,0
BRDA:7,4,1,0
BRDA:7,4,2,0
BRDA:7,4,3,0
BRDA:27,5,0,0
BRDA:27,5,1,4
BRDA:29,6,0,1
BRDA:29,6,1,3
BRDA:29,7,0,4
BRDA:29,7,1,3
BRDA:32,8,0,1
BRDA:32,8,1,2
BRDA:35,9,0,1
BRDA:35,9,1,1
BRDA:36,10,0,1
BRDA:36,10,1,0
BRDA:39,11,0,1
BRDA:39,11,1,0
BRDA:63,12,0,0
BRDA:63,12,1,0
BRF:26
BRH:21
end_of_record
TN:
SF:/Users/ed/workspace/my/redux-tide/src/selector.js
FN:24,_makeGetActionData
FN:25,(anonymous_2)
FN:27,(anonymous_3)
FN:29,(anonymous_4)
FN:31,(anonymous_5)
FN:65,(anonymous_6)
FN:68,(anonymous_7)
FN:72,(anonymous_8)
FN:75,(anonymous_9)
FN:89,getActionData
FN:94,(anonymous_11)
FN:100,getActionsReducer
FN:104,getEntityReducer
FN:108,getEntityItemsBySchema
FN:109,(anonymous_15)
FN:114,getEntityItemsByAction
FN:115,(anonymous_17)
FN:120,getEntityItemsByEntityName
FN:121,(anonymous_19)
FN:126,denomalizeEntityItemById
FNF:20
FNH:7
FNDA:0,_makeGetActionData
FNDA:0,(anonymous_2)
FNDA:0,(anonymous_3)
FNDA:0,(anonymous_4)
FNDA:0,(anonymous_5)
FNDA:0,(anonymous_6)
FNDA:0,(anonymous_7)
FNDA:0,(anonymous_8)
FNDA:0,(anonymous_9)
FNDA:0,getActionData
FNDA:0,(anonymous_11)
FNDA:0,getActionsReducer
FNDA:4,getEntityReducer
FNDA:1,getEntityItemsBySchema
FNDA:1,(anonymous_15)
FNDA:1,getEntityItemsByAction
FNDA:1,(anonymous_17)
FNDA:1,getEntityItemsByEntityName
FNDA:1,(anonymous_19)
FNDA:0,denomalizeEntityItemById
DA:0,1
DA:5,1
DA:6,1
DA:7,1
DA:21,1
DA:27,0
DA:29,0
DA:30,0
DA:31,0
DA:34,0
DA:36,0
DA:37,0
DA:40,0
DA:50,0
DA:51,0
DA:53,0
DA:58,0
DA:64,0
DA:65,0
DA:71,0
DA:76,0
DA:79,0
DA:83,0
DA:84,0
DA:86,0
DA:87,0
DA:89,0
DA:95,0
DA:100,1
DA:101,0
DA:102,0
DA:103,0
DA:105,0
DA:106,0
DA:112,0
DA:116,1
DA:118,4
DA:120,1
DA:121,1
DA:122,1
DA:126,1
DA:127,1
DA:128,1
DA:132,1
DA:133,1
DA:134,1
DA:138,1
DA:139,0
DA:142,1
DA:143,1
DA:144,1
LF:51
LH:21
BRDA:34,1,0,0
BRDA:34,1,1,0
BRDA:51,2,0,0
BRDA:51,2,1,0
BRDA:51,3,0,0
BRDA:51,3,1,0
BRDA:52,4,0,0
BRDA:52,4,1,0
BRDA:52,5,0,0
BRDA:52,5,1,0
BRDA:54,6,0,0
BRDA:54,6,1,0
BRDA:56,7,0,0
BRDA:56,7,1,0
BRDA:57,8,0,0
BRDA:57,8,1,0
BRDA:61,9,0,0
BRDA:61,9,1,0
BRDA:61,10,0,0
BRDA:61,10,1,0
BRDA:61,10,2,0
BRDA:61,10,3,0
BRDA:62,11,0,0
BRDA:62,11,1,0
BRDA:63,12,0,0
BRDA:63,12,1,0
BRDA:80,13,0,0
BRDA:80,13,1,0
BRDA:81,14,0,0
BRDA:81,14,1,0
BRDA:130,15,0,1
BRDA:130,15,1,0
BRF:32
BRH:1
end_of_record
